f:\docs\0uni\ig2_22-23\prac3\proyectosogrevc15x86\ig2app\release\vc143.pdb
f:\docs\0uni\ig2_22-23\prac3\proyectosogrevc15x86\ig2app\release\sinbad.obj
f:\docs\0uni\ig2_22-23\prac3\proyectosogrevc15x86\ig2app\release\plano.obj
f:\docs\0uni\ig2_22-23\prac3\proyectosogrevc15x86\ig2app\release\entidadig.obj
f:\docs\0uni\ig2_22-23\prac3\proyectosogrevc15x86\ig2app\release\noria.obj
f:\docs\0uni\ig2_22-23\prac3\proyectosogrevc15x86\ig2app\release\muñeco.obj
f:\docs\0uni\ig2_22-23\prac3\proyectosogrevc15x86\ig2app\release\ig2app.obj
f:\docs\0uni\ig2_22-23\prac3\proyectosogrevc15x86\ig2app\release\ig2main.obj
f:\docs\0uni\ig2_22-23\prac3\proyectosogrevc15x86\ig2app\release\ig2applicationcontext.obj
f:\docs\0uni\ig2_22-23\prac3\proyectosogrevc15x86\ig2app\release\dron.obj
f:\docs\0uni\ig2_22-23\prac3\proyectosogrevc15x86\ig2app\release\brazodron.obj
f:\docs\0uni\ig2_22-23\prac3\proyectosogrevc15x86\ig2app\release\bomba.obj
f:\docs\0uni\ig2_22-23\prac3\proyectosogrevc15x86\ig2app\release\avion.obj
f:\docs\0uni\ig2_22-23\prac3\proyectosogrevc15x86\ig2app\release\aspasnave.obj
f:\docs\0uni\ig2_22-23\prac3\proyectosogrevc15x86\ig2app\release\aspanoria.obj
f:\docs\0uni\ig2_22-23\prac3\proyectosogrevc15x86\ig2app\release\aspa.obj
f:\docs\0uni\ig2_22-23\prac3\proyectosogrevc15x86\bin\ig2apprelease.exe
f:\docs\0uni\ig2_22-23\prac3\proyectosogrevc15x86\ig2app\release\ig2apprelease.ipdb
f:\docs\0uni\ig2_22-23\prac3\proyectosogrevc15x86\ig2app\release\ig2apprelease.iobj
f:\docs\0uni\ig2_22-23\prac3\proyectosogrevc15x86\bin\ig2apprelease.pdb
f:\docs\0uni\ig2_22-23\prac3\proyectosogrevc15x86\ig2app\release\ig2app.tlog\cl.command.1.tlog
f:\docs\0uni\ig2_22-23\prac3\proyectosogrevc15x86\ig2app\release\ig2app.tlog\cl.read.1.tlog
f:\docs\0uni\ig2_22-23\prac3\proyectosogrevc15x86\ig2app\release\ig2app.tlog\cl.write.1.tlog
f:\docs\0uni\ig2_22-23\prac3\proyectosogrevc15x86\ig2app\release\ig2app.tlog\link.command.1.tlog
f:\docs\0uni\ig2_22-23\prac3\proyectosogrevc15x86\ig2app\release\ig2app.tlog\link.read.1.tlog
f:\docs\0uni\ig2_22-23\prac3\proyectosogrevc15x86\ig2app\release\ig2app.tlog\link.write.1.tlog
