02:56:27: Creating resource group General
02:56:27: Creating resource group OgreInternal
02:56:27: Creating resource group OgreAutodetect
02:56:27: SceneManagerFactory for type 'DefaultSceneManager' registered.
02:56:27: Registering ResourceManager for type Material
02:56:27: Registering ResourceManager for type Mesh
02:56:27: Registering ResourceManager for type Skeleton
02:56:27: MovableObjectFactory for type 'ParticleSystem' registered.
02:56:27: ArchiveFactory for archive type FileSystem registered.
02:56:27: ArchiveFactory for archive type Zip registered.
02:56:27: ArchiveFactory for archive type EmbeddedZip registered.
02:56:27: DDS codec registering
02:56:27: ETC codec registering
02:56:27: Registering ResourceManager for type HighLevelGpuProgram
02:56:27: Registering ResourceManager for type Compositor
02:56:27: MovableObjectFactory for type 'Entity' registered.
02:56:27: MovableObjectFactory for type 'Light' registered.
02:56:27: MovableObjectFactory for type 'BillboardSet' registered.
02:56:27: MovableObjectFactory for type 'ManualObject' registered.
02:56:27: MovableObjectFactory for type 'BillboardChain' registered.
02:56:27: MovableObjectFactory for type 'RibbonTrail' registered.
02:56:27: Loading library F:/Docs/0Uni/ig2_22-23/prac4/ProyectosOGREvc15x86/bin/.\RenderSystem_GL
02:56:27: Installing plugin: GL RenderSystem
02:56:27: OpenGL Rendering Subsystem created.
02:56:27: Plugin successfully installed
02:56:27: Loading library F:/Docs/0Uni/ig2_22-23/prac4/ProyectosOGREvc15x86/bin/.\RenderSystem_GL3Plus
02:56:27: Installing plugin: GL 3+ RenderSystem
02:56:27: OpenGL 3+ Rendering Subsystem created.
02:56:27: Plugin successfully installed
02:56:27: Loading library F:/Docs/0Uni/ig2_22-23/prac4/ProyectosOGREvc15x86/bin/.\Plugin_ParticleFX
02:56:27: Installing plugin: ParticleFX
02:56:27: Particle Emitter Type 'Point' registered
02:56:27: Particle Emitter Type 'Box' registered
02:56:27: Particle Emitter Type 'Ellipsoid' registered
02:56:27: Particle Emitter Type 'Cylinder' registered
02:56:27: Particle Emitter Type 'Ring' registered
02:56:27: Particle Emitter Type 'HollowEllipsoid' registered
02:56:27: Particle Affector Type 'LinearForce' registered
02:56:27: Particle Affector Type 'ColourFader' registered
02:56:27: Particle Affector Type 'ColourFader2' registered
02:56:27: Particle Affector Type 'ColourImage' registered
02:56:27: Particle Affector Type 'ColourInterpolator' registered
02:56:27: Particle Affector Type 'Scaler' registered
02:56:27: Particle Affector Type 'Rotator' registered
02:56:27: Particle Affector Type 'DirectionRandomiser' registered
02:56:27: Particle Affector Type 'DeflectorPlane' registered
02:56:27: Plugin successfully installed
02:56:27: Loading library F:/Docs/0Uni/ig2_22-23/prac4/ProyectosOGREvc15x86/bin/.\Plugin_BSPSceneManager
02:56:27: Installing plugin: BSP Scene Manager
02:56:27: Plugin successfully installed
02:56:27: Loading library F:/Docs/0Uni/ig2_22-23/prac4/ProyectosOGREvc15x86/bin/.\Codec_STBI
02:56:27: stb_image - v2.19 - public domain JPEG/PNG reader
02:56:27: Supported formats: jpeg,jpg,png,bmp,psd,tga,gif,pic,ppm,pgm,hdr
02:56:27: Loading library F:/Docs/0Uni/ig2_22-23/prac4/ProyectosOGREvc15x86/bin/.\Plugin_PCZSceneManager
02:56:27: Installing plugin: Portal Connected Zone Scene Manager
02:56:27: PCZone Factory Type 'ZoneType_Default' registered
02:56:27: Plugin successfully installed
02:56:27: Loading library F:/Docs/0Uni/ig2_22-23/prac4/ProyectosOGREvc15x86/bin/.\Plugin_OctreeZone
02:56:27: Installing plugin: Octree Zone Factory
02:56:27: Plugin successfully installed
02:56:27: Loading library F:/Docs/0Uni/ig2_22-23/prac4/ProyectosOGREvc15x86/bin/.\Plugin_OctreeSceneManager
02:56:27: Installing plugin: Octree Scene Manager
02:56:27: Plugin successfully installed
02:56:27: *-*-* OGRE Initialising
02:56:27: *-*-* Version 1.11.2 (Rhagorthua)
02:56:27: OverlayElementFactory for type Panel registered.
02:56:28: OverlayElementFactory for type BorderPanel registered.
02:56:28: OverlayElementFactory for type TextArea registered.
02:56:28: Registering ResourceManager for type Font
02:56:29: CPU Identifier & Features
02:56:29: -------------------------
02:56:29:  *   CPU ID: GenuineIntel: Intel(R) Core(TM) i5-7400 CPU @ 3.00GHz
02:56:29:  *          SSE: yes
02:56:29:  *         SSE2: yes
02:56:29:  *         SSE3: yes
02:56:29:  *        SSE41: yes
02:56:29:  *        SSE42: yes
02:56:29:  *          MMX: yes
02:56:29:  *       MMXEXT: yes
02:56:29:  *        3DNOW: no
02:56:29:  *     3DNOWEXT: no
02:56:29:  *         CMOV: yes
02:56:29:  *          TSC: yes
02:56:29:  *INVARIANT TSC: yes
02:56:29:  *          FPU: yes
02:56:29:  *          PRO: yes
02:56:29:  *           HT: no
02:56:29: -------------------------
02:56:29: *** Starting Win32GL Subsystem ***
02:56:29: GL3PlusRenderSystem::_createRenderWindow "IG2App", 1024x768 windowed  miscParams: FSAA=0 externalWindowHandle=4065826 gamma=No vsync=Yes 
02:56:29: Supported WGL extensions: WGL_ARB_buffer_region WGL_ARB_create_context WGL_ARB_create_context_no_error WGL_ARB_create_context_profile WGL_ARB_create_context_robustness WGL_ARB_context_flush_control WGL_ARB_extensions_string WGL_ARB_make_current_read WGL_ARB_multisample WGL_ARB_pbuffer WGL_ARB_pixel_format WGL_ARB_pixel_format_float WGL_ARB_render_texture WGL_ATI_pixel_format_float WGL_EXT_colorspace WGL_EXT_create_context_es_profile WGL_EXT_create_context_es2_profile WGL_EXT_extensions_string WGL_EXT_framebuffer_sRGB WGL_EXT_pixel_format_packed_float WGL_EXT_swap_control WGL_EXT_swap_control_tear WGL_NVX_DX_interop WGL_NV_DX_interop WGL_NV_DX_interop2 WGL_NV_copy_image WGL_NV_delay_before_swap WGL_NV_float_buffer WGL_NV_multisample_coverage WGL_NV_multigpu_context WGL_NV_render_depth_texture WGL_NV_render_texture_rectangle 
02:56:29: GL_VERSION = 4.6.0.0
02:56:29: GL_VENDOR = NVIDIA Corporation
02:56:29: GL_RENDERER = NVIDIA GeForce RTX 2060/PCIe/SSE2
02:56:29: GL_EXTENSIONS = GL_AMD_multi_draw_indirect GL_AMD_seamless_cubemap_per_texture GL_AMD_vertex_shader_viewport_index GL_AMD_vertex_shader_layer GL_ARB_arrays_of_arrays GL_ARB_base_instance GL_ARB_bindless_texture GL_ARB_blend_func_extended GL_ARB_buffer_storage GL_ARB_clear_buffer_object GL_ARB_clear_texture GL_ARB_clip_control GL_ARB_color_buffer_float GL_ARB_compatibility GL_ARB_compressed_texture_pixel_storage GL_ARB_conservative_depth GL_ARB_compute_shader GL_ARB_compute_variable_group_size GL_ARB_conditional_render_inverted GL_ARB_copy_buffer GL_ARB_copy_image GL_ARB_cull_distance GL_ARB_debug_output GL_ARB_depth_buffer_float GL_ARB_depth_clamp GL_ARB_depth_texture GL_ARB_derivative_control GL_ARB_direct_state_access GL_ARB_draw_buffers GL_ARB_draw_buffers_blend GL_ARB_draw_indirect GL_ARB_draw_elements_base_vertex GL_ARB_draw_instanced GL_ARB_enhanced_layouts GL_ARB_ES2_compatibility GL_ARB_ES3_compatibility GL_ARB_ES3_1_compatibility GL_ARB_ES3_2_compatibility GL_ARB_explicit_attrib_location GL_ARB_explicit_uniform_location GL_ARB_fragment_coord_conventions GL_ARB_fragment_layer_viewport GL_ARB_fragment_program GL_ARB_fragment_program_shadow GL_ARB_fragment_shader GL_ARB_fragment_shader_interlock GL_ARB_framebuffer_no_attachments GL_ARB_framebuffer_object GL_ARB_framebuffer_sRGB GL_ARB_geometry_shader4 GL_ARB_get_program_binary GL_ARB_get_texture_sub_image GL_ARB_gl_spirv GL_ARB_gpu_shader5 GL_ARB_gpu_shader_fp64 GL_ARB_gpu_shader_int64 GL_ARB_half_float_pixel GL_ARB_half_float_vertex GL_ARB_imaging GL_ARB_indirect_parameters GL_ARB_instanced_arrays GL_ARB_internalformat_query GL_ARB_internalformat_query2 GL_ARB_invalidate_subdata GL_ARB_map_buffer_alignment GL_ARB_map_buffer_range GL_ARB_multi_bind GL_ARB_multi_draw_indirect GL_ARB_multisample GL_ARB_multitexture GL_ARB_occlusion_query GL_ARB_occlusion_query2 GL_ARB_parallel_shader_compile GL_ARB_pipeline_statistics_query GL_ARB_pixel_buffer_object GL_ARB_point_parameters GL_ARB_point_sprite GL_ARB_polygon_offset_clamp GL_ARB_post_depth_coverage GL_ARB_program_interface_query GL_ARB_provoking_vertex GL_ARB_query_buffer_object GL_ARB_robust_buffer_access_behavior GL_ARB_robustness GL_ARB_sample_locations GL_ARB_sample_shading GL_ARB_sampler_objects GL_ARB_seamless_cube_map GL_ARB_seamless_cubemap_per_texture GL_ARB_separate_shader_objects GL_ARB_shader_atomic_counter_ops GL_ARB_shader_atomic_counters GL_ARB_shader_ballot GL_ARB_shader_bit_encoding GL_ARB_shader_clock GL_ARB_shader_draw_parameters GL_ARB_shader_group_vote GL_ARB_shader_image_load_store GL_ARB_shader_image_size GL_ARB_shader_objects GL_ARB_shader_precision GL_ARB_shader_storage_buffer_object GL_ARB_shader_subroutine GL_ARB_shader_texture_image_samples GL_ARB_shader_texture_lod GL_ARB_shading_language_100 GL_ARB_shader_viewport_layer_array GL_ARB_shading_language_420pack GL_ARB_shading_language_include GL_ARB_shading_language_packing GL_ARB_shadow GL_ARB_sparse_buffer GL_ARB_sparse_texture GL_ARB_sparse_texture2 GL_ARB_sparse_texture_clamp GL_ARB_spirv_extensions GL_ARB_stencil_texturing GL_ARB_sync GL_ARB_tessellation_shader GL_ARB_texture_barrier GL_ARB_texture_border_clamp GL_ARB_texture_buffer_object GL_ARB_texture_buffer_object_rgb32 GL_ARB_texture_buffer_range GL_ARB_texture_compression GL_ARB_texture_compression_bptc GL_ARB_texture_compression_rgtc GL_ARB_texture_cube_map GL_ARB_texture_cube_map_array GL_ARB_texture_env_add GL_ARB_texture_env_combine GL_ARB_texture_env_crossbar GL_ARB_texture_env_dot3 GL_ARB_texture_filter_anisotropic GL_ARB_texture_filter_minmax GL_ARB_texture_float GL_ARB_texture_gather GL_ARB_texture_mirror_clamp_to_edge GL_ARB_texture_mirrored_repeat GL_ARB_texture_multisample GL_ARB_texture_non_power_of_two GL_ARB_texture_query_levels GL_ARB_texture_query_lod GL_ARB_texture_rectangle GL_ARB_texture_rg GL_ARB_texture_rgb10_a2ui GL_ARB_texture_stencil8 GL_ARB_texture_storage GL_ARB_texture_storage_multisample GL_ARB_texture_swizzle GL_ARB_texture_view GL_ARB_timer_query GL_ARB_transform_feedback2 GL_ARB_transform_feedback3 GL_ARB_transform_feedback_instanced GL_ARB_transform_feedback_overflow_query GL_ARB_transpose_matrix GL_ARB_uniform_buffer_object GL_ARB_vertex_array_bgra GL_ARB_vertex_array_object GL_ARB_vertex_attrib_64bit GL_ARB_vertex_attrib_binding GL_ARB_vertex_buffer_object GL_ARB_vertex_program GL_ARB_vertex_shader GL_ARB_vertex_type_10f_11f_11f_rev GL_ARB_vertex_type_2_10_10_10_rev GL_ARB_viewport_array GL_ARB_window_pos GL_ATI_draw_buffers GL_ATI_texture_float GL_ATI_texture_mirror_once GL_S3_s3tc GL_EXT_texture_env_add GL_EXT_abgr GL_EXT_bgra GL_EXT_bindable_uniform GL_EXT_blend_color GL_EXT_blend_equation_separate GL_EXT_blend_func_separate GL_EXT_blend_minmax GL_EXT_blend_subtract GL_EXT_compiled_vertex_array GL_EXT_Cg_shader GL_EXT_depth_bounds_test GL_EXT_direct_state_access GL_EXT_draw_buffers2 GL_EXT_draw_instanced GL_EXT_draw_range_elements GL_EXT_fog_coord GL_EXT_framebuffer_blit GL_EXT_framebuffer_multisample GL_EXTX_framebuffer_mixed_formats GL_EXT_framebuffer_multisample_blit_scaled GL_EXT_framebuffer_object GL_EXT_framebuffer_sRGB GL_EXT_geometry_shader4 GL_EXT_gpu_program_parameters GL_EXT_gpu_shader4 GL_EXT_multi_draw_arrays GL_EXT_multiview_texture_multisample GL_EXT_multiview_timer_query GL_EXT_packed_depth_stencil GL_EXT_packed_float GL_EXT_packed_pixels GL_EXT_pixel_buffer_object GL_EXT_point_parameters GL_EXT_polygon_offset_clamp GL_EXT_post_depth_coverage GL_EXT_provoking_vertex GL_EXT_raster_multisample GL_EXT_rescale_normal GL_EXT_secondary_color GL_EXT_separate_shader_objects GL_EXT_separate_specular_color GL_EXT_shader_image_load_formatted GL_EXT_shader_image_load_store GL_EXT_shader_integer_mix GL_EXT_shadow_funcs GL_EXT_sparse_texture2 GL_EXT_stencil_two_side GL_EXT_stencil_wrap GL_EXT_texture3D GL_EXT_texture_array GL_EXT_texture_buffer_object GL_EXT_texture_compression_dxt1 GL_EXT_texture_compression_latc GL_EXT_texture_compression_rgtc GL_EXT_texture_compression_s3tc GL_EXT_texture_cube_map GL_EXT_texture_edge_clamp GL_EXT_texture_env_combine GL_EXT_texture_env_dot3 GL_EXT_texture_filter_anisotropic GL_EXT_texture_filter_minmax GL_EXT_texture_integer GL_EXT_texture_lod GL_EXT_texture_lod_bias GL_EXT_texture_mirror_clamp GL_EXT_texture_object GL_EXT_texture_shadow_lod GL_EXT_texture_shared_exponent GL_EXT_texture_sRGB GL_EXT_texture_sRGB_R8 GL_EXT_texture_sRGB_decode GL_EXT_texture_storage GL_EXT_texture_swizzle GL_EXT_timer_query GL_EXT_transform_feedback2 GL_EXT_vertex_array GL_EXT_vertex_array_bgra GL_EXT_vertex_attrib_64bit GL_EXT_window_rectangles GL_EXT_import_sync_object GL_IBM_rasterpos_clip GL_IBM_texture_mirrored_repeat GL_KHR_context_flush_control GL_KHR_debug GL_EXT_memory_object GL_EXT_memory_object_win32 GL_NV_memory_object_sparse GL_EXT_win32_keyed_mutex GL_KHR_parallel_shader_compile GL_KHR_no_error GL_KHR_robust_buffer_access_behavior GL_KHR_robustness GL_EXT_semaphore GL_EXT_semaphore_win32 GL_NV_timeline_semaphore GL_KHR_shader_subgroup GL_KTX_buffer_region GL_NV_alpha_to_coverage_dither_control GL_NV_bindless_multi_draw_indirect GL_NV_bindless_multi_draw_indirect_count GL_NV_bindless_texture GL_NV_blend_equation_advanced GL_NV_blend_equation_advanced_coherent GL_NVX_blend_equation_advanced_multi_draw_buffers GL_NV_blend_minmax_factor GL_NV_blend_square GL_NV_clip_space_w_scaling GL_NV_command_list GL_NV_compute_program5 GL_NV_compute_shader_derivatives GL_NV_conditional_render GL_NV_conservative_raster GL_NV_conservative_raster_dilate GL_NV_conservative_raster_pre_snap GL_NV_conservative_raster_pre_snap_triangles GL_NV_conservative_raster_underestimation GL_NV_copy_depth_to_color GL_NV_copy_image GL_NV_depth_buffer_float GL_NV_depth_clamp GL_NV_draw_texture GL_NV_draw_vulkan_image GL_NV_ES1_1_compatibility GL_NV_ES3_1_compatibility GL_NV_explicit_multisample GL_NV_feature_query GL_NV_fence GL_NV_fill_rectangle GL_NV_float_buffer GL_NV_fog_distance GL_NV_fragment_coverage_to_color GL_NV_fragment_program GL_NV_fragment_program_option GL_NV_fragment_program2 GL_NV_fragment_shader_barycentric GL_NV_fragment_shader_interlock GL_NV_framebuffer_mixed_samples GL_NV_framebuffer_multisample_coverage GL_NV_geometry_shader4 GL_NV_geometry_shader_passthrough GL_NV_gpu_program4 GL_NV_internalformat_sample_query GL_NV_gpu_program4_1 GL_NV_gpu_program5 GL_NV_gpu_program5_mem_extended GL_NV_gpu_program_fp64 GL_NV_gpu_shader5 GL_NV_half_float GL_NV_light_max_exponent GL_NV_memory_attachment GL_NV_mesh_shader GL_NV_multisample_coverage GL_NV_multisample_filter_hint GL_NV_occlusion_query GL_NV_packed_depth_stencil GL_NV_parameter_buffer_object GL_NV_parameter_buffer_object2 GL_NV_path_rendering GL_NV_path_rendering_shared_edge GL_NV_pixel_data_range GL_NV_point_sprite GL_NV_primitive_restart GL_NV_query_resource GL_NV_query_resource_tag GL_NV_register_combiners GL_NV_register_combiners2 GL_NV_representative_fragment_test GL_NV_sample_locations GL_NV_sample_mask_override_coverage GL_NV_scissor_exclusive GL_NV_shader_atomic_counters GL_NV_shader_atomic_float GL_NV_shader_atomic_float64 GL_NV_shader_atomic_fp16_vector GL_NV_shader_atomic_int64 GL_NV_shader_buffer_load GL_NV_shader_storage_buffer_object GL_NV_shader_subgroup_partitioned GL_NV_shader_texture_footprint GL_NV_shading_rate_image GL_NV_stereo_view_rendering GL_NV_texgen_reflection GL_NV_texture_barrier GL_NV_texture_compression_vtc GL_NV_texture_env_combine4 GL_NV_texture_multisample GL_NV_texture_rectangle GL_NV_texture_rectangle_compressed GL_NV_texture_shader GL_NV_texture_shader2 GL_NV_texture_shader3 GL_NV_transform_feedback GL_NV_transform_feedback2 GL_NV_uniform_buffer_unified_memory GL_NV_uniform_buffer_std430_layout GL_NV_vertex_array_range GL_NV_vertex_array_range2 GL_NV_vertex_attrib_integer_64bit GL_NV_vertex_buffer_unified_memory GL_NV_vertex_program GL_NV_vertex_program1_1 GL_NV_vertex_program2 GL_NV_vertex_program2_option GL_NV_vertex_program3 GL_NV_viewport_array2 GL_NV_viewport_swizzle GL_NVX_conditional_render GL_NVX_linked_gpu_multicast GL_NV_gpu_multicast GL_NVX_gpu_multicast2 GL_NVX_progress_fence GL_NVX_gpu_memory_info GL_NVX_multigpu_info GL_NVX_nvenc_interop GL_NV_shader_thread_group GL_NV_shader_thread_shuffle GL_KHR_blend_equation_advanced GL_KHR_blend_equation_advanced_coherent GL_OVR_multiview GL_OVR_multiview2 GL_SGIS_generate_mipmap GL_SGIS_texture_lod GL_SGIX_depth_texture GL_SGIX_shadow GL_SUN_slice_accum GL_WIN_swap_hint WGL_EXT_swap_control 
02:56:29: **************************************
02:56:29: ***   OpenGL 3+ Renderer Started   ***
02:56:29: **************************************
02:56:29: Registering ResourceManager for type GpuProgram
02:56:29: GL3+: Using FBOs for rendering to textures
02:56:29: FBO PF_UNKNOWN depth/stencil support: D0S0 D16S0 D24S0 D32S0 D32S0 Packed-D24S8 Packed-D32S8 
02:56:29: FBO PF_L8 depth/stencil support: D0S0 D16S0 D24S0 D32S0 D32S0 Packed-D24S8 Packed-D32S8 
02:56:29: FBO PF_L16 depth/stencil support: D0S0 D16S0 D24S0 D32S0 D32S0 Packed-D24S8 Packed-D32S8 
02:56:29: FBO PF_A8 depth/stencil support: D0S0 D16S0 D24S0 D32S0 D32S0 Packed-D24S8 Packed-D32S8 
02:56:29: FBO PF_BYTE_LA depth/stencil support: D0S0 D16S0 D24S0 D32S0 D32S0 Packed-D24S8 Packed-D32S8 
02:56:29: FBO PF_R5G6B5 depth/stencil support: D0S0 D16S0 D24S0 D32S0 D32S0 Packed-D24S8 Packed-D32S8 
02:56:29: FBO PF_B5G6R5 depth/stencil support: D0S0 D16S0 D24S0 D32S0 D32S0 Packed-D24S8 Packed-D32S8 
02:56:29: FBO PF_A4R4G4B4 depth/stencil support: D0S0 D16S0 D24S0 D32S0 D32S0 Packed-D24S8 Packed-D32S8 
02:56:29: FBO PF_A1R5G5B5 depth/stencil support: D0S0 D16S0 D24S0 D32S0 D32S0 Packed-D24S8 Packed-D32S8 
02:56:29: FBO PF_R8G8B8 depth/stencil support: D0S0 D16S0 D24S0 D32S0 D32S0 Packed-D24S8 Packed-D32S8 
02:56:29: FBO PF_B8G8R8 depth/stencil support: D0S0 D16S0 D24S0 D32S0 D32S0 Packed-D24S8 Packed-D32S8 
02:56:29: FBO PF_A8R8G8B8 depth/stencil support: D0S0 D16S0 D24S0 D32S0 D32S0 Packed-D24S8 Packed-D32S8 
02:56:29: FBO PF_A8B8G8R8 depth/stencil support: D0S0 D16S0 D24S0 D32S0 D32S0 Packed-D24S8 Packed-D32S8 
02:56:29: FBO PF_B8G8R8A8 depth/stencil support: D0S0 D16S0 D24S0 D32S0 D32S0 Packed-D24S8 Packed-D32S8 
02:56:29: FBO PF_A2R10G10B10 depth/stencil support: D0S0 D16S0 D24S0 D32S0 D32S0 Packed-D24S8 Packed-D32S8 
02:56:29: FBO PF_A2B10G10R10 depth/stencil support: D0S0 D16S0 D24S0 D32S0 D32S0 Packed-D24S8 Packed-D32S8 
02:56:29: FBO PF_FLOAT16_RGB depth/stencil support: D0S0 D16S0 D24S0 D32S0 D32S0 Packed-D24S8 Packed-D32S8 
02:56:29: FBO PF_FLOAT16_RGBA depth/stencil support: D0S0 D16S0 D24S0 D32S0 D32S0 Packed-D24S8 Packed-D32S8 
02:56:29: FBO PF_FLOAT32_RGB depth/stencil support: D0S0 D16S0 D24S0 D32S0 D32S0 Packed-D24S8 Packed-D32S8 
02:56:29: FBO PF_FLOAT32_RGBA depth/stencil support: D0S0 D16S0 D24S0 D32S0 D32S0 Packed-D24S8 Packed-D32S8 
02:56:29: FBO PF_X8R8G8B8 depth/stencil support: D0S0 D16S0 D24S0 D32S0 D32S0 Packed-D24S8 Packed-D32S8 
02:56:29: FBO PF_X8B8G8R8 depth/stencil support: D0S0 D16S0 D24S0 D32S0 D32S0 Packed-D24S8 Packed-D32S8 
02:56:29: FBO PF_R8G8B8A8 depth/stencil support: D0S0 D16S0 D24S0 D32S0 D32S0 Packed-D24S8 Packed-D32S8 
02:56:29: FBO PF_DEPTH depth/stencil support: D0S0 D16S0 D24S0 D32S0 D32S0 Packed-D24S8 Packed-D32S8 
02:56:29: FBO PF_SHORT_RGBA depth/stencil support: D0S0 D16S0 D24S0 D32S0 D32S0 Packed-D24S8 Packed-D32S8 
02:56:29: FBO PF_R3G3B2 depth/stencil support: D0S0 D16S0 D24S0 D32S0 D32S0 Packed-D24S8 Packed-D32S8 
02:56:29: FBO PF_FLOAT16_R depth/stencil support: D0S0 D16S0 D24S0 D32S0 D32S0 Packed-D24S8 Packed-D32S8 
02:56:29: FBO PF_FLOAT32_R depth/stencil support: D0S0 D16S0 D24S0 D32S0 D32S0 Packed-D24S8 Packed-D32S8 
02:56:29: FBO PF_SHORT_GR depth/stencil support: D0S0 D16S0 D24S0 D32S0 D32S0 Packed-D24S8 Packed-D32S8 
02:56:29: FBO PF_FLOAT16_GR depth/stencil support: D0S0 D16S0 D24S0 D32S0 D32S0 Packed-D24S8 Packed-D32S8 
02:56:29: FBO PF_FLOAT32_GR depth/stencil support: D0S0 D16S0 D24S0 D32S0 D32S0 Packed-D24S8 Packed-D32S8 
02:56:29: FBO PF_SHORT_RGB depth/stencil support: D0S0 D16S0 D24S0 D32S0 D32S0 Packed-D24S8 Packed-D32S8 
02:56:29: FBO PF_R11G11B10_FLOAT depth/stencil support: D0S0 D16S0 D24S0 D32S0 D32S0 Packed-D24S8 Packed-D32S8 
02:56:29: FBO PF_R8_UINT depth/stencil support: D0S0 D16S0 D24S0 D32S0 D32S0 Packed-D24S8 Packed-D32S8 
02:56:29: FBO PF_R8G8_UINT depth/stencil support: D0S0 D16S0 D24S0 D32S0 D32S0 Packed-D24S8 Packed-D32S8 
02:56:29: FBO PF_R8G8B8_UINT depth/stencil support: D0S0 D16S0 D24S0 D32S0 D32S0 Packed-D24S8 Packed-D32S8 
02:56:29: FBO PF_R8G8B8A8_UINT depth/stencil support: D0S0 D16S0 D24S0 D32S0 D32S0 Packed-D24S8 Packed-D32S8 
02:56:29: FBO PF_R16_UINT depth/stencil support: D0S0 D16S0 D24S0 D32S0 D32S0 Packed-D24S8 Packed-D32S8 
02:56:29: FBO PF_R16G16_UINT depth/stencil support: D0S0 D16S0 D24S0 D32S0 D32S0 Packed-D24S8 Packed-D32S8 
02:56:29: FBO PF_R16G16B16_UINT depth/stencil support: D0S0 D16S0 D24S0 D32S0 D32S0 Packed-D24S8 Packed-D32S8 
02:56:29: FBO PF_R16G16B16A16_UINT depth/stencil support: D0S0 D16S0 D24S0 D32S0 D32S0 Packed-D24S8 Packed-D32S8 
02:56:29: FBO PF_R32_UINT depth/stencil support: D0S0 D16S0 D24S0 D32S0 D32S0 Packed-D24S8 Packed-D32S8 
02:56:29: FBO PF_R32G32_UINT depth/stencil support: D0S0 D16S0 D24S0 D32S0 D32S0 Packed-D24S8 Packed-D32S8 
02:56:29: FBO PF_R32G32B32_UINT depth/stencil support: D0S0 D16S0 D24S0 D32S0 D32S0 Packed-D24S8 Packed-D32S8 
02:56:29: FBO PF_R32G32B32A32_UINT depth/stencil support: D0S0 D16S0 D24S0 D32S0 D32S0 Packed-D24S8 Packed-D32S8 
02:56:29: FBO PF_R8_SINT depth/stencil support: D0S0 D16S0 D24S0 D32S0 D32S0 Packed-D24S8 Packed-D32S8 
02:56:29: FBO PF_R8G8_SINT depth/stencil support: D0S0 D16S0 D24S0 D32S0 D32S0 Packed-D24S8 Packed-D32S8 
02:56:29: FBO PF_R8G8B8_SINT depth/stencil support: D0S0 D16S0 D24S0 D32S0 D32S0 Packed-D24S8 Packed-D32S8 
02:56:29: FBO PF_R8G8B8A8_SINT depth/stencil support: D0S0 D16S0 D24S0 D32S0 D32S0 Packed-D24S8 Packed-D32S8 
02:56:29: FBO PF_R16_SINT depth/stencil support: D0S0 D16S0 D24S0 D32S0 D32S0 Packed-D24S8 Packed-D32S8 
02:56:29: FBO PF_R16G16_SINT depth/stencil support: D0S0 D16S0 D24S0 D32S0 D32S0 Packed-D24S8 Packed-D32S8 
02:56:29: FBO PF_R16G16B16_SINT depth/stencil support: D0S0 D16S0 D24S0 D32S0 D32S0 Packed-D24S8 Packed-D32S8 
02:56:29: FBO PF_R16G16B16A16_SINT depth/stencil support: D0S0 D16S0 D24S0 D32S0 D32S0 Packed-D24S8 Packed-D32S8 
02:56:29: FBO PF_R32_SINT depth/stencil support: D0S0 D16S0 D24S0 D32S0 D32S0 Packed-D24S8 Packed-D32S8 
02:56:29: FBO PF_R32G32_SINT depth/stencil support: D0S0 D16S0 D24S0 D32S0 D32S0 Packed-D24S8 Packed-D32S8 
02:56:29: FBO PF_R32G32B32_SINT depth/stencil support: D0S0 D16S0 D24S0 D32S0 D32S0 Packed-D24S8 Packed-D32S8 
02:56:29: FBO PF_R32G32B32A32_SINT depth/stencil support: D0S0 D16S0 D24S0 D32S0 D32S0 Packed-D24S8 Packed-D32S8 
02:56:29: FBO PF_R8 depth/stencil support: D0S0 D16S0 D24S0 D32S0 D32S0 Packed-D24S8 Packed-D32S8 
02:56:29: FBO PF_RG8 depth/stencil support: D0S0 D16S0 D24S0 D32S0 D32S0 Packed-D24S8 Packed-D32S8 
02:56:29: FBO PF_R8_SNORM depth/stencil support: D0S0 D16S0 D24S0 D32S0 D32S0 Packed-D24S8 Packed-D32S8 
02:56:29: FBO PF_R8G8_SNORM depth/stencil support: D0S0 D16S0 D24S0 D32S0 D32S0 Packed-D24S8 Packed-D32S8 
02:56:29: FBO PF_R8G8B8_SNORM depth/stencil support: D0S0 D16S0 D24S0 D32S0 D32S0 Packed-D24S8 Packed-D32S8 
02:56:29: FBO PF_R8G8B8A8_SNORM depth/stencil support: D0S0 D16S0 D24S0 D32S0 D32S0 Packed-D24S8 Packed-D32S8 
02:56:29: FBO PF_R16_SNORM depth/stencil support: D0S0 D16S0 D24S0 D32S0 D32S0 Packed-D24S8 Packed-D32S8 
02:56:29: FBO PF_R16G16_SNORM depth/stencil support: D0S0 D16S0 D24S0 D32S0 D32S0 Packed-D24S8 Packed-D32S8 
02:56:29: FBO PF_R16G16B16_SNORM depth/stencil support: D0S0 D16S0 D24S0 D32S0 D32S0 Packed-D24S8 Packed-D32S8 
02:56:29: FBO PF_R16G16B16A16_SNORM depth/stencil support: D0S0 D16S0 D24S0 D32S0 D32S0 Packed-D24S8 Packed-D32S8 
02:56:29: [GL] : Valid FBO targets PF_UNKNOWN PF_L8 PF_L16 PF_A8 PF_BYTE_LA PF_R5G6B5 PF_B5G6R5 PF_A4R4G4B4 PF_A1R5G5B5 PF_R8G8B8 PF_B8G8R8 PF_A8R8G8B8 PF_A8B8G8R8 PF_B8G8R8A8 PF_A2R10G10B10 PF_A2B10G10R10 PF_FLOAT16_RGB PF_FLOAT16_RGBA PF_FLOAT32_RGB PF_FLOAT32_RGBA PF_X8R8G8B8 PF_X8B8G8R8 PF_R8G8B8A8 PF_DEPTH PF_SHORT_RGBA PF_R3G3B2 PF_FLOAT16_R PF_FLOAT32_R PF_SHORT_GR PF_FLOAT16_GR PF_FLOAT32_GR PF_SHORT_RGB PF_R11G11B10_FLOAT PF_R8_UINT PF_R8G8_UINT PF_R8G8B8_UINT PF_R8G8B8A8_UINT PF_R16_UINT PF_R16G16_UINT PF_R16G16B16_UINT PF_R16G16B16A16_UINT PF_R32_UINT PF_R32G32_UINT PF_R32G32B32_UINT PF_R32G32B32A32_UINT PF_R8_SINT PF_R8G8_SINT PF_R8G8B8_SINT PF_R8G8B8A8_SINT PF_R16_SINT PF_R16G16_SINT PF_R16G16B16_SINT PF_R16G16B16A16_SINT PF_R32_SINT PF_R32G32_SINT PF_R32G32B32_SINT PF_R32G32B32A32_SINT PF_R8 PF_RG8 PF_R8_SNORM PF_R8G8_SNORM PF_R8G8B8_SNORM PF_R8G8B8A8_SNORM PF_R16_SNORM PF_R16G16_SNORM PF_R16G16B16_SNORM PF_R16G16B16A16_SNORM 
02:56:29: RenderSystem capabilities
02:56:29: -------------------------
02:56:29: RenderSystem Name: OpenGL 3+ Rendering Subsystem
02:56:29: GPU Vendor: nvidia
02:56:29: Device Name: NVIDIA GeForce RTX 2060/PCIe/SSE2
02:56:29: Driver Version: 4.6.0.0
02:56:29:  * Fixed function pipeline: no
02:56:29:  * Anisotropic texture filtering: yes
02:56:29:  * Cube mapping: yes
02:56:29:  * Hardware stencil buffer: yes
02:56:29:    - Stencil depth: 8
02:56:29:    - Two sided stencil support: yes
02:56:29:    - Wrap stencil values: yes
02:56:29:  * 32-bit index buffers: yes
02:56:29:  * Vertex programs: yes
02:56:29:  * Number of floating-point constants for vertex programs: 4096
02:56:29:  * Number of integer constants for vertex programs: 4096
02:56:29:  * Number of boolean constants for vertex programs: 4096
02:56:29:  * Fragment programs: yes
02:56:29:  * Number of floating-point constants for fragment programs: 4096
02:56:29:  * Number of integer constants for fragment programs: 4096
02:56:29:  * Number of boolean constants for fragment programs: 4096
02:56:29:  * Geometry programs: yes
02:56:29:  * Number of floating-point constants for geometry programs: 2048
02:56:29:  * Number of integer constants for geometry programs: 2048
02:56:29:  * Number of boolean constants for geometry programs: 2048
02:56:29:  * Tessellation Hull programs: yes
02:56:29:  * Number of floating-point constants for tessellation hull programs: 2048
02:56:29:  * Number of integer constants for tessellation hull programs: 2048
02:56:29:  * Number of boolean constants for tessellation hull programs: 2048
02:56:29:  * Tessellation Domain programs: yes
02:56:29:  * Number of floating-point constants for tessellation domain programs: 2048
02:56:29:  * Number of integer constants for tessellation domain programs: 2048
02:56:29:  * Number of boolean constants for tessellation domain programs: 2048
02:56:29:  * Compute programs: yes
02:56:29:  * Number of floating-point constants for compute programs: 2048
02:56:29:  * Number of integer constants for compute programs: 2048
02:56:29:  * Number of boolean constants for compute programs: 2048
02:56:29:  * Supported Shader Profiles: glsl glsl130 glsl140 glsl150 glsl330 glsl400 glsl410 glsl420 glsl430 glsl440 glsl450 glsl460
02:56:29:  * Texture Compression: yes
02:56:29:    - DXT: yes
02:56:29:    - VTC: yes
02:56:29:    - PVRTC: no
02:56:29:    - ATC: no
02:56:29:    - ETC1: no
02:56:29:    - ETC2: yes
02:56:29:    - BC4/BC5: yes
02:56:29:    - BC6H/BC7: yes
02:56:29:    - ASTC: no
02:56:29:    - Mipmaps for compressed formats: yes
02:56:29:  * Hardware Occlusion Query: yes
02:56:29:  * User clip planes: yes
02:56:29:  * VET_UBYTE4 vertex element type: yes
02:56:29:  * Infinite far plane projection: yes
02:56:29:  * Hardware render-to-texture: yes
02:56:29:  * Floating point textures: yes
02:56:29:  * Non-power-of-two textures: yes
02:56:29:  * 1d textures: yes
02:56:29:  * Volume textures: yes
02:56:29:  * Multiple Render Targets: 8
02:56:29:    - With different bit depths: yes
02:56:29:  * Point Sprites: yes
02:56:29:  * Wide Lines: yes
02:56:29:  * Hardware Gamma: yes
02:56:29:  * Extended point parameters: yes
02:56:29:  * Max Point Size: 189.875
02:56:29:  * Vertex texture fetch: yes
02:56:29:  * Number of texture units: 16
02:56:29:  * Number of vertex attributes: 16
02:56:29:  * Stencil buffer depth: 8
02:56:29:  * Number of vertex blend matrices: 0
02:56:29:    - Max vertex textures: 16
02:56:29:    - Vertex textures shared: yes
02:56:29:  * Render to Vertex Buffer : yes
02:56:29:  * Hardware Atomic Counters: yes
02:56:29:  * PBuffer support: no
02:56:29:  * Vertex Array Objects: yes
02:56:29:  * Separate shader objects: yes
02:56:29:  * GLSL SSO redeclare interface block: yes
02:56:29:  * Debugging/ profiling events: yes
02:56:29:  * Map buffer storage: yes
02:56:29: Registering ResourceManager for type Texture
02:56:29: DefaultWorkQueue('Root') initialising on thread 8564.
02:56:29: DefaultWorkQueue('Root')::WorkerFunc - thread 20972 starting.
02:56:29: DefaultWorkQueue('Root')::WorkerFunc - thread 10156 starting.
02:56:29: DefaultWorkQueue('Root')::WorkerFunc - thread 12596 starting.
02:56:29: DefaultWorkQueue('Root')::WorkerFunc - thread 18132 starting.
02:56:29: Particle Renderer Type 'billboard' registered
02:56:29: SceneManagerFactory for type 'BspSceneManager' registered.
02:56:29: Registering SceneLoader Q3BSP
02:56:29: SceneManagerFactory for type 'PCZSceneManager' registered.
02:56:29: MovableObjectFactory for type 'PCZLight' registered.
02:56:29: MovableObjectFactory for type 'Portal' registered.
02:56:29: MovableObjectFactory for type 'AntiPortal' registered.
02:56:29: PCZone Factory Type 'ZoneType_Octree' registered
02:56:29: SceneManagerFactory for type 'OctreeSceneManager' registered.
02:56:29: Creating resource group Essential
02:56:29: Added resource location '../Media/thumbnails' of type 'FileSystem' to resource group 'Essential'
02:56:29: Added resource location '../Media/packs/SdkTrays.zip' of type 'Zip' to resource group 'Essential'
02:56:29: Added resource location '../Media/packs/profiler.zip' of type 'Zip' to resource group 'Essential'
02:56:29: Added resource location '../Media' of type 'FileSystem' to resource group 'General'
02:56:29: Added resource location '../Media/fonts' of type 'FileSystem' to resource group 'General'
02:56:29: Added resource location '../Media/materials/programs' of type 'FileSystem' to resource group 'General'
02:56:29: Added resource location '../Media/IG2App' of type 'FileSystem' to resource group 'General'
02:56:29: Added resource location '../Media/packs/ogredance.zip' of type 'Zip' to resource group 'General'
02:56:29: Added resource location '../Media/packs/Sinbad.zip' of type 'Zip' to resource group 'General'
02:56:29: Added resource location '../Media/packs/DamagedHelmet.zip' of type 'Zip' to resource group 'General'
02:56:29: Added resource location '../Media/packs/fresneldemo.zip' of type 'Zip' to resource group 'General'
02:56:29: Added resource location '../Media/materials/programs/GLSL120' of type 'FileSystem' to resource group 'General'
02:56:29: Added resource location '../Media/materials/programs/GLSL150' of type 'FileSystem' to resource group 'General'
02:56:29: Added resource location '../Media/materials/programs/GLSL400' of type 'FileSystem' to resource group 'General'
02:56:29: Added resource location '../Media/RTShaderLib/materials' of type 'FileSystem' to resource group 'General'
02:56:29: Added resource location '../Media/RTShaderLib/GLSL' of type 'FileSystem' to resource group 'General'
02:56:29: Parsing scripts for resource group Essential
02:56:29: Parsing script SdkTrays.material
02:56:29: Parsing script OgreProfiler.material
02:56:29: Parsing script SdkTrays.fontdef
02:56:29: Parsing script SdkTrays.overlay
02:56:29: Texture: sdk_cursor.png: Loading 1 faces(PF_A8B8G8R8,32x32x1) with 5 hardware generated mipmaps from Image. Internal format is PF_A8B8G8R8,32x32x1.
02:56:29: Texture: sdk_tray.png: Loading 1 faces(PF_A8B8G8R8,64x64x1) with 6 hardware generated mipmaps from Image. Internal format is PF_A8B8G8R8,64x64x1.
02:56:29: Texture: sdk_button_up.png: Loading 1 faces(PF_A8B8G8R8,128x32x1) with 7 hardware generated mipmaps from Image. Internal format is PF_A8B8G8R8,128x32x1.
02:56:29: Texture: sdk_text_box.png: Loading 1 faces(PF_A8B8G8R8,32x32x1) with 5 hardware generated mipmaps from Image. Internal format is PF_A8B8G8R8,32x32x1.
02:56:29: Texture: sdk_mini_tray.png: Loading 1 faces(PF_A8B8G8R8,32x32x1) with 5 hardware generated mipmaps from Image. Internal format is PF_A8B8G8R8,32x32x1.
02:56:29: Texture: sdk_track.png: Loading 1 faces(PF_A8B8G8R8,16x32x1) with 5 hardware generated mipmaps from Image. Internal format is PF_A8B8G8R8,16x32x1.
02:56:29: Texture: sdk_handle.png: Loading 1 faces(PF_A8B8G8R8,16x16x1) with 4 hardware generated mipmaps from Image. Internal format is PF_A8B8G8R8,16x16x1.
02:56:29: Texture: sdk_mini_text_box.png: Loading 1 faces(PF_A8B8G8R8,32x32x1) with 5 hardware generated mipmaps from Image. Internal format is PF_A8B8G8R8,32x32x1.
02:56:29: Texture: sdk_label.png: Loading 1 faces(PF_A8B8G8R8,32x32x1) with 5 hardware generated mipmaps from Image. Internal format is PF_A8B8G8R8,32x32x1.
02:56:29: Texture: sdk_separator.png: Loading 1 faces(PF_A8B8G8R8,64x16x1) with 6 hardware generated mipmaps from Image. Internal format is PF_A8B8G8R8,64x16x1.
02:56:29: Texture: sdk_logo.png: Loading 1 faces(PF_A8B8G8R8,128x64x1) with 7 hardware generated mipmaps from Image. Internal format is PF_A8B8G8R8,128x64x1.
02:56:29: Texture: sdk_shade.png: Loading 1 faces(PF_A8B8G8R8,64x48x1) with 6 hardware generated mipmaps from Image. Internal format is PF_A8B8G8R8,64x48x1.
02:56:29: Texture: sdk_frame.png: Loading 1 faces(PF_A8B8G8R8,32x32x1) with 5 hardware generated mipmaps from Image. Internal format is PF_A8B8G8R8,32x32x1.
02:56:29: Texture: sdk_mini_text_box_over.png: Loading 1 faces(PF_A8B8G8R8,32x32x1) with 5 hardware generated mipmaps from Image. Internal format is PF_A8B8G8R8,32x32x1.
02:56:29: Texture: sdk_pulse.png: Loading 1 faces(PF_B8G8R8,8x1x1) with 3 hardware generated mipmaps from Image. Internal format is PF_B8G8R8,8x1x1.
02:56:29: Finished parsing scripts for resource group Essential
02:56:29: Creating resources for group Essential
02:56:29: All done
02:56:29: Parsing scripts for resource group General
02:56:29: Parsing script Practica1.material
02:56:29: Error: ScriptCompiler - unexpected token in Practica1.material(302): token "text_address_mode" is not recognized
02:56:29: Parsing script Practica2GLSL.material
02:56:29: Ogre::RenderingAPIException::RenderingAPIException: 'HolesAndLightingFS.glsl' 0(50) : error C1503: undefined variable "vFrontColor"
0(51) : error C1503: undefined variable "vBackColor" in compile at d:\fdi\ig2_18_19\ogre-master\rendersystems\gl3plus\src\glsl\ogreglslshader.cpp (line 242)
02:56:29: High-level program 'HolesAndLightingFS' is not supported: 'HolesAndLightingFS.glsl' 0(50) : error C1503: undefined variable "vFrontColor"
0(51) : error C1503: undefined variable "vBackColor"
02:56:29: Ogre::InvalidParametersException::InvalidParametersException: Named constants have not been initialised, perhaps a compile error. in GpuProgramParameters::_findNamedConstantDefinition at d:\fdi\ig2_18_19\ogre-master\ogremain\src\ogregpuprogramparams.cpp (line 2192)
02:56:29: Error: ScriptCompiler - invalid parameters in Practica2GLSL.material(352): Named constants have not been initialised, perhaps a compile error.
02:56:29: Ogre::InvalidParametersException::InvalidParametersException: Named constants have not been initialised, perhaps a compile error. in GpuProgramParameters::_findNamedConstantDefinition at d:\fdi\ig2_18_19\ogre-master\ogremain\src\ogregpuprogramparams.cpp (line 2192)
02:56:29: Error: ScriptCompiler - invalid parameters in Practica2GLSL.material(353): Named constants have not been initialised, perhaps a compile error.
02:56:29: Ogre::InvalidParametersException::InvalidParametersException: Named constants have not been initialised, perhaps a compile error. in GpuProgramParameters::_findNamedConstantDefinition at d:\fdi\ig2_18_19\ogre-master\ogremain\src\ogregpuprogramparams.cpp (line 2192)
02:56:29: Error: ScriptCompiler - invalid parameters in Practica2GLSL.material(354): Named constants have not been initialised, perhaps a compile error.
02:56:29: Ogre::InvalidParametersException::InvalidParametersException: Named constants have not been initialised, perhaps a compile error. in GpuProgramParameters::_findNamedConstantDefinition at d:\fdi\ig2_18_19\ogre-master\ogremain\src\ogregpuprogramparams.cpp (line 2192)
02:56:29: Error: ScriptCompiler - invalid parameters in Practica2GLSL.material(356): setting of constant failed
02:56:29: Ogre::InvalidParametersException::InvalidParametersException: Named constants have not been initialised, perhaps a compile error. in GpuProgramParameters::_findNamedConstantDefinition at d:\fdi\ig2_18_19\ogre-master\ogremain\src\ogregpuprogramparams.cpp (line 2192)
02:56:29: Error: ScriptCompiler - invalid parameters in Practica2GLSL.material(358): Named constants have not been initialised, perhaps a compile error.
02:56:29: Ogre::InvalidParametersException::InvalidParametersException: Named constants have not been initialised, perhaps a compile error. in GpuProgramParameters::_findNamedConstantDefinition at d:\fdi\ig2_18_19\ogre-master\ogremain\src\ogregpuprogramparams.cpp (line 2192)
02:56:29: Error: ScriptCompiler - invalid parameters in Practica2GLSL.material(359): Named constants have not been initialised, perhaps a compile error.
02:56:29: Error: ScriptCompiler - invalid parameters in Practica2GLSL.material(360): incorrect type specified; only variants of int, uint, float, double, and bool allowed
02:56:29: Error: ScriptCompiler - invalid parameters in Practica2GLSL.material(361): incorrect type specified; only variants of int, uint, float, double, and bool allowed
02:56:29: Parsing script Sinbad.material
02:56:29: Parsing script RomanBath.material
02:56:29: Parsing script DualQuaternionSkinning_Shadow.material
02:56:29: Parsing script HardwareSkinningShadow.material
02:56:29: Parsing script RTShaderSystem.material
02:56:29: Parsing script TriplanarTexturing.material
02:56:29: Parsing script Practica1.particle
02:56:29: Texture: smoke.png: Loading 1 faces(PF_A8B8G8R8,256x256x1) with 8 hardware generated mipmaps from Image. Internal format is PF_A8B8G8R8,256x256x1.
02:56:29: Finished parsing scripts for resource group General
02:56:29: Creating resources for group General
02:56:29: All done
02:56:29: Parsing scripts for resource group OgreAutodetect
02:56:29: Finished parsing scripts for resource group OgreAutodetect
02:56:29: Creating resources for group OgreAutodetect
02:56:29: All done
02:56:29: Parsing scripts for resource group OgreInternal
02:56:29: Finished parsing scripts for resource group OgreInternal
02:56:29: Creating resources for group OgreInternal
02:56:29: All done
02:56:29: Texture: lightMap.jpg: Loading 1 faces(PF_B8G8R8,256x256x1) with 8 hardware generated mipmaps from Image. Internal format is PF_B8G8R8,256x256x1.
02:56:29: Texture: spaceSky.jpg: Loading 1 faces(PF_B8G8R8,2100x1500x1) with 11 hardware generated mipmaps from Image. Internal format is PF_B8G8R8,2100x1500x1.
02:56:29: Texture: Water02.jpg: Loading 1 faces(PF_B8G8R8,512x512x1) with 9 hardware generated mipmaps from Image. Internal format is PF_B8G8R8,512x512x1.
02:56:29: Mesh: Loading cube.mesh.
02:56:29: Texture: BumpyMetal.jpg: Loading 1 faces(PF_B8G8R8,512x512x1) with 9 hardware generated mipmaps from Image. Internal format is PF_B8G8R8,512x512x1.
02:56:29: Mesh: Loading Barrel.mesh.
02:56:29: Can't assign material 'RustyBarrel' to SubEntity of 'Ogre/MO93' because this Material does not exist in group 'General'. Have you forgotten to define it in a .material script?
02:56:29: Texture: BeachStones.jpg: Loading 1 faces(PF_B8G8R8,512x512x1) with 9 hardware generated mipmaps from Image. Internal format is PF_B8G8R8,512x512x1.
02:56:29: Mesh: Loading sphere.mesh.
02:56:29: Mesh: Loading uv_sphere.mesh.
02:56:29: Warning: material Practica2GLSL/HolesAndLighting has no supportable Techniques and will be blank. Explanation: 
Pass 0: fragment program HolesAndLightingFS cannot be used - compile error.

02:56:29: Texture: checker.png: Loading 1 faces(PF_B8G8R8,128x128x1) with 7 hardware generated mipmaps from Image. Internal format is PF_B8G8R8,128x128x1.
02:56:29: Can't assign material 'RustyBarrel' to SubEntity of 'Ogre/MO100' because this Material does not exist in group 'General'. Have you forgotten to define it in a .material script?
02:56:29: Texture: dirt01.jpg: Loading 1 faces(PF_B8G8R8,96x96x1) with 6 hardware generated mipmaps from Image. Internal format is PF_B8G8R8,96x96x1.
02:56:29: Can't assign material 'RustyBarrel' to SubEntity of 'Ogre/MO102' because this Material does not exist in group 'General'. Have you forgotten to define it in a .material script?
02:56:29: Can't assign material 'RustyBarrel' to SubEntity of 'Ogre/MO104' because this Material does not exist in group 'General'. Have you forgotten to define it in a .material script?
02:56:29: Can't assign material 'RustyBarrel' to SubEntity of 'Ogre/MO106' because this Material does not exist in group 'General'. Have you forgotten to define it in a .material script?
02:56:29: Can't assign material 'RustyBarrel' to SubEntity of 'Ogre/MO108' because this Material does not exist in group 'General'. Have you forgotten to define it in a .material script?
02:56:29: Can't assign material 'RustyBarrel' to SubEntity of 'Ogre/MO110' because this Material does not exist in group 'General'. Have you forgotten to define it in a .material script?
02:56:29: Can't assign material 'RustyBarrel' to SubEntity of 'Ogre/MO112' because this Material does not exist in group 'General'. Have you forgotten to define it in a .material script?
02:56:29: Can't assign material 'RustyBarrel' to SubEntity of 'Ogre/MO114' because this Material does not exist in group 'General'. Have you forgotten to define it in a .material script?
02:56:29: Can't assign material 'RustyBarrel' to SubEntity of 'Ogre/MO116' because this Material does not exist in group 'General'. Have you forgotten to define it in a .material script?
02:56:29: Can't assign material 'RustyBarrel' to SubEntity of 'Ogre/MO118' because this Material does not exist in group 'General'. Have you forgotten to define it in a .material script?
02:56:29: Can't assign material 'RustyBarrel' to SubEntity of 'Ogre/MO120' because this Material does not exist in group 'General'. Have you forgotten to define it in a .material script?
02:56:29: Can't assign material 'RustyBarrel' to SubEntity of 'Ogre/MO122' because this Material does not exist in group 'General'. Have you forgotten to define it in a .material script?
02:56:29: Can't assign material 'RustyBarrel' to SubEntity of 'Ogre/MO123' because this Material does not exist in group 'General'. Have you forgotten to define it in a .material script?
02:56:29: Mesh: Loading ninja.mesh.
02:56:29: Skeleton: Loading ninja.skeleton
02:56:29: Ogre::FileNotFoundException::FileNotFoundException: Cannot locate resource ninja.skeleton in resource group General. in ResourceGroupManager::openResource at d:\fdi\ig2_18_19\ogre-master\ogremain\src\ogreresourcegroupmanager.cpp (line 698)
02:56:29: Error: Unable to load skeleton 'ninja.skeleton' for Mesh 'ninja.mesh'. This Mesh will not be animated. You can ignore this message if you are using an offline tool.
02:56:29: Can't assign material 'Examples/Ninja' to SubEntity of 'Ogre/MO124' because this Material does not exist in group 'General'. Have you forgotten to define it in a .material script?
02:56:29: Can't assign material 'Examples/Ninja' to SubEntity of 'Ogre/MO124' because this Material does not exist in group 'General'. Have you forgotten to define it in a .material script?
02:56:29: Texture: 10points.png: Loading 1 faces(PF_A8B8G8R8,256x256x1) with 8 hardware generated mipmaps from Image. Internal format is PF_A8B8G8R8,256x256x1.
02:56:29: Mesh: Loading Sinbad.mesh.
02:56:29: Skeleton: Loading Sinbad.skeleton
02:56:29: Texture: sinbad_body.tga: Loading 1 faces(PF_B8G8R8,512x512x1) with 9 hardware generated mipmaps from Image. Internal format is PF_B8G8R8,512x512x1.
02:56:29: Texture: sinbad_clothes.tga: Loading 1 faces(PF_B8G8R8,512x512x1) with 9 hardware generated mipmaps from Image. Internal format is PF_B8G8R8,512x512x1.
02:56:29: Texture: sinbad_sword.tga: Loading 1 faces(PF_B8G8R8,256x256x1) with 8 hardware generated mipmaps from Image. Internal format is PF_B8G8R8,256x256x1.
02:56:29: Warning: the mesh 'Sinbad.mesh' includes vertices with more than 4 bone assignments. The lowest weighted assignments beyond this limit have been removed, so your animation may look slightly different. To eliminate this, reduce the number of bone assignments per vertex on your mesh to 4.
02:56:29: Dance
02:56:29: DrawSwords
02:56:29: HandsClosed
02:56:29: HandsRelaxed
02:56:29: IdleBase
02:56:29: IdleTop
02:56:29: JumpEnd
02:56:29: JumpLoop
02:56:29: JumpStart
02:56:29: RunBase
02:56:29: RunTop
02:56:29: SliceHorizontal
02:56:29: SliceVertical
02:56:29: Mesh: Loading Sword.mesh.
02:56:29: Font SdkTrays/Caption using texture size 256x256
02:56:29: Texture: SdkTrays/CaptionTexture: Loading 1 faces(PF_BYTE_LA,256x256x1) Internal format is PF_BYTE_LA,256x256x1.
02:56:29: Font SdkTrays/Value using texture size 512x256
02:56:29: Texture: SdkTrays/ValueTexture: Loading 1 faces(PF_BYTE_LA,512x256x1) Internal format is PF_BYTE_LA,512x256x1.
02:56:35: Unregistering ResourceManager for type Font
02:56:35: DefaultWorkQueue('Root') shutting down on thread 8564.
02:56:35: DefaultWorkQueue('Root')::WorkerFunc - thread 18132 stopped.
02:56:35: DefaultWorkQueue('Root')::WorkerFunc - thread 12596 stopped.
02:56:35: DefaultWorkQueue('Root')::WorkerFunc - thread 10156 stopped.
02:56:35: DefaultWorkQueue('Root')::WorkerFunc - thread 20972 stopped.
02:56:35: PCZone Factory Type 'ZoneType_Octree' unregistered
02:56:35: *-*-* OGRE Shutdown
02:56:35: Unregistering ResourceManager for type Compositor
02:56:35: Uninstalling plugin: Octree Scene Manager
02:56:35: Plugin successfully uninstalled
02:56:35: Unloading library F:/Docs/0Uni/ig2_22-23/prac4/ProyectosOGREvc15x86/bin/.\Plugin_OctreeSceneManager
02:56:35: Uninstalling plugin: Octree Zone Factory
02:56:35: Plugin successfully uninstalled
02:56:35: Unloading library F:/Docs/0Uni/ig2_22-23/prac4/ProyectosOGREvc15x86/bin/.\Plugin_OctreeZone
02:56:35: Uninstalling plugin: Portal Connected Zone Scene Manager
02:56:35: Plugin successfully uninstalled
02:56:35: Unloading library F:/Docs/0Uni/ig2_22-23/prac4/ProyectosOGREvc15x86/bin/.\Plugin_PCZSceneManager
02:56:35: Unloading library F:/Docs/0Uni/ig2_22-23/prac4/ProyectosOGREvc15x86/bin/.\Codec_STBI
02:56:35: Uninstalling plugin: BSP Scene Manager
02:56:35: Plugin successfully uninstalled
02:56:35: Unloading library F:/Docs/0Uni/ig2_22-23/prac4/ProyectosOGREvc15x86/bin/.\Plugin_BSPSceneManager
02:56:35: Uninstalling plugin: ParticleFX
02:56:35: Plugin successfully uninstalled
02:56:35: Unloading library F:/Docs/0Uni/ig2_22-23/prac4/ProyectosOGREvc15x86/bin/.\Plugin_ParticleFX
02:56:35: Uninstalling plugin: GL 3+ RenderSystem
02:56:35: Unregistering ResourceManager for type GpuProgram
02:56:35: Unregistering ResourceManager for type Texture
02:56:35: *** Stopping Win32GL Subsystem ***
02:56:35: Plugin successfully uninstalled
02:56:35: Unloading library F:/Docs/0Uni/ig2_22-23/prac4/ProyectosOGREvc15x86/bin/.\RenderSystem_GL3Plus
02:56:35: Uninstalling plugin: GL RenderSystem
02:56:35: *** Stopping Win32GL Subsystem ***
02:56:35: Plugin successfully uninstalled
02:56:35: Unloading library F:/Docs/0Uni/ig2_22-23/prac4/ProyectosOGREvc15x86/bin/.\RenderSystem_GL
02:56:35: Unregistering ResourceManager for type Skeleton
02:56:35: Unregistering ResourceManager for type Mesh
02:56:35: Unregistering ResourceManager for type HighLevelGpuProgram
02:56:35: Unregistering ResourceManager for type Material
