12:51:03: Creating resource group General
12:51:03: Creating resource group OgreInternal
12:51:03: Creating resource group OgreAutodetect
12:51:03: SceneManagerFactory for type 'DefaultSceneManager' registered.
12:51:03: Registering ResourceManager for type Material
12:51:03: Registering ResourceManager for type Mesh
12:51:03: Registering ResourceManager for type Skeleton
12:51:03: MovableObjectFactory for type 'ParticleSystem' registered.
12:51:03: ArchiveFactory for archive type FileSystem registered.
12:51:03: ArchiveFactory for archive type Zip registered.
12:51:03: ArchiveFactory for archive type EmbeddedZip registered.
12:51:03: DDS codec registering
12:51:03: ETC codec registering
12:51:03: Registering ResourceManager for type HighLevelGpuProgram
12:51:03: Registering ResourceManager for type Compositor
12:51:03: MovableObjectFactory for type 'Entity' registered.
12:51:03: MovableObjectFactory for type 'Light' registered.
12:51:03: MovableObjectFactory for type 'BillboardSet' registered.
12:51:03: MovableObjectFactory for type 'ManualObject' registered.
12:51:03: MovableObjectFactory for type 'BillboardChain' registered.
12:51:03: MovableObjectFactory for type 'RibbonTrail' registered.
12:51:03: Loading library C:/Users/enriq/Documents/ig2_22-23/prac1/ProyectosOGREvc15x86/bin/.\RenderSystem_GL
12:51:03: Installing plugin: GL RenderSystem
12:51:03: OpenGL Rendering Subsystem created.
12:51:03: Plugin successfully installed
12:51:03: Loading library C:/Users/enriq/Documents/ig2_22-23/prac1/ProyectosOGREvc15x86/bin/.\RenderSystem_GL3Plus
12:51:03: Installing plugin: GL 3+ RenderSystem
12:51:03: OpenGL 3+ Rendering Subsystem created.
12:51:03: Plugin successfully installed
12:51:03: Loading library C:/Users/enriq/Documents/ig2_22-23/prac1/ProyectosOGREvc15x86/bin/.\Plugin_ParticleFX
12:51:03: Installing plugin: ParticleFX
12:51:03: Particle Emitter Type 'Point' registered
12:51:03: Particle Emitter Type 'Box' registered
12:51:03: Particle Emitter Type 'Ellipsoid' registered
12:51:03: Particle Emitter Type 'Cylinder' registered
12:51:03: Particle Emitter Type 'Ring' registered
12:51:03: Particle Emitter Type 'HollowEllipsoid' registered
12:51:03: Particle Affector Type 'LinearForce' registered
12:51:03: Particle Affector Type 'ColourFader' registered
12:51:03: Particle Affector Type 'ColourFader2' registered
12:51:03: Particle Affector Type 'ColourImage' registered
12:51:03: Particle Affector Type 'ColourInterpolator' registered
12:51:03: Particle Affector Type 'Scaler' registered
12:51:03: Particle Affector Type 'Rotator' registered
12:51:03: Particle Affector Type 'DirectionRandomiser' registered
12:51:03: Particle Affector Type 'DeflectorPlane' registered
12:51:03: Plugin successfully installed
12:51:03: Loading library C:/Users/enriq/Documents/ig2_22-23/prac1/ProyectosOGREvc15x86/bin/.\Plugin_BSPSceneManager
12:51:03: Installing plugin: BSP Scene Manager
12:51:03: Plugin successfully installed
12:51:03: Loading library C:/Users/enriq/Documents/ig2_22-23/prac1/ProyectosOGREvc15x86/bin/.\Codec_STBI
12:51:03: stb_image - v2.19 - public domain JPEG/PNG reader
12:51:03: Supported formats: jpeg,jpg,png,bmp,psd,tga,gif,pic,ppm,pgm,hdr
12:51:03: Loading library C:/Users/enriq/Documents/ig2_22-23/prac1/ProyectosOGREvc15x86/bin/.\Plugin_PCZSceneManager
12:51:03: Installing plugin: Portal Connected Zone Scene Manager
12:51:03: PCZone Factory Type 'ZoneType_Default' registered
12:51:03: Plugin successfully installed
12:51:03: Loading library C:/Users/enriq/Documents/ig2_22-23/prac1/ProyectosOGREvc15x86/bin/.\Plugin_OctreeZone
12:51:03: Installing plugin: Octree Zone Factory
12:51:03: Plugin successfully installed
12:51:03: Loading library C:/Users/enriq/Documents/ig2_22-23/prac1/ProyectosOGREvc15x86/bin/.\Plugin_OctreeSceneManager
12:51:04: Installing plugin: Octree Scene Manager
12:51:04: Plugin successfully installed
12:51:04: *-*-* OGRE Initialising
12:51:04: *-*-* Version 1.11.2 (Rhagorthua)
12:51:04: OverlayElementFactory for type Panel registered.
12:51:04: OverlayElementFactory for type BorderPanel registered.
12:51:04: OverlayElementFactory for type TextArea registered.
12:51:04: Registering ResourceManager for type Font
12:51:06: CPU Identifier & Features
12:51:06: -------------------------
12:51:06:  *   CPU ID: GenuineIntel: Intel(R) Core(TM) i5-2410M CPU @ 2.30GHz
12:51:06:  *          SSE: yes
12:51:06:  *         SSE2: yes
12:51:06:  *         SSE3: yes
12:51:06:  *        SSE41: yes
12:51:06:  *        SSE42: yes
12:51:06:  *          MMX: yes
12:51:06:  *       MMXEXT: yes
12:51:06:  *        3DNOW: no
12:51:06:  *     3DNOWEXT: no
12:51:06:  *         CMOV: yes
12:51:06:  *          TSC: yes
12:51:06:  *INVARIANT TSC: yes
12:51:06:  *          FPU: yes
12:51:06:  *          PRO: yes
12:51:06:  *           HT: no
12:51:06: -------------------------
12:51:06: *** Starting Win32GL Subsystem ***
12:51:06: GL3PlusRenderSystem::_createRenderWindow "IG2App", 1024x768 windowed  miscParams: FSAA=0 externalWindowHandle=1248294 gamma=No vsync=Yes 
12:51:06: Supported WGL extensions: WGL_EXT_depth_float WGL_ARB_buffer_region WGL_ARB_extensions_string WGL_ARB_make_current_read WGL_ARB_pixel_format WGL_ARB_pbuffer WGL_EXT_extensions_string WGL_EXT_swap_control WGL_EXT_swap_control_tear WGL_ARB_multisample WGL_ARB_pixel_format_float WGL_ARB_framebuffer_sRGB WGL_ARB_create_context WGL_EXT_pixel_format_packed_float 
12:51:06: GL_VERSION = 3.1.0.0
12:51:06: GL_VENDOR = Intel
12:51:06: GL_RENDERER = Intel(R) HD Graphics 3000
12:51:06: GL_EXTENSIONS = GL_EXT_blend_minmax GL_EXT_blend_subtract GL_EXT_blend_color GL_EXT_abgr GL_EXT_texture3D GL_EXT_clip_volume_hint GL_EXT_compiled_vertex_array GL_SGIS_texture_edge_clamp GL_SGIS_generate_mipmap GL_EXT_draw_range_elements GL_SGIS_texture_lod GL_EXT_rescale_normal GL_EXT_packed_pixels GL_EXT_texture_edge_clamp GL_EXT_separate_specular_color GL_ARB_multitexture GL_EXT_texture_env_combine GL_EXT_bgra GL_EXT_blend_func_separate GL_EXT_secondary_color GL_EXT_fog_coord GL_EXT_texture_env_add GL_ARB_texture_cube_map GL_ARB_transpose_matrix GL_ARB_texture_env_add GL_IBM_texture_mirrored_repeat GL_EXT_multi_draw_arrays GL_NV_blend_square GL_ARB_texture_compression GL_3DFX_texture_compression_FXT1 GL_EXT_texture_filter_anisotropic GL_ARB_texture_border_clamp GL_ARB_point_parameters GL_ARB_texture_env_combine GL_ARB_texture_env_dot3 GL_ARB_texture_env_crossbar GL_EXT_texture_compression_s3tc GL_ARB_shadow GL_ARB_window_pos GL_EXT_shadow_funcs GL_EXT_stencil_wrap GL_ARB_vertex_program GL_EXT_texture_rectangle GL_ARB_fragment_program GL_EXT_stencil_two_side GL_ATI_separate_stencil GL_ARB_vertex_buffer_object GL_EXT_texture_lod_bias GL_ARB_occlusion_query GL_ARB_fragment_shader GL_ARB_shader_objects GL_ARB_shading_language_100 GL_ARB_texture_non_power_of_two GL_ARB_vertex_shader GL_NV_texgen_reflection GL_ARB_point_sprite GL_ARB_fragment_program_shadow GL_EXT_blend_equation_separate GL_ARB_depth_texture GL_ARB_texture_rectangle GL_ARB_draw_buffers GL_ARB_color_buffer_float GL_ARB_half_float_pixel GL_ARB_texture_float GL_ARB_pixel_buffer_object GL_EXT_framebuffer_object GL_ARB_draw_instanced GL_ARB_half_float_vertex GL_ARB_occlusion_query2 GL_EXT_draw_buffers2 GL_WIN_swap_hint GL_EXT_texture_sRGB GL_ARB_multisample GL_EXT_packed_float GL_EXT_texture_shared_exponent GL_ARB_texture_rg GL_ARB_texture_compression_rgtc GL_NV_conditional_render GL_EXT_texture_swizzle GL_ARB_sync GL_ARB_framebuffer_sRGB GL_EXT_packed_depth_stencil GL_ARB_depth_buffer_float GL_EXT_transform_feedback GL_EXT_framebuffer_blit GL_EXT_framebuffer_multisample GL_ARB_framebuffer_object GL_EXT_texture_array GL_EXT_texture_integer GL_ARB_map_buffer_range GL_EXT_texture_snorm GL_INTEL_performance_queries GL_ARB_copy_buffer GL_ARB_sampler_objects GL_NV_primitive_restart GL_ARB_seamless_cube_map GL_ARB_uniform_buffer_object GL_ARB_depth_clamp GL_ARB_vertex_array_bgra GL_ARB_shader_bit_encoding GL_ARB_draw_buffers_blend GL_ARB_texture_query_lod GL_ARB_explicit_attrib_location GL_ARB_draw_elements_base_vertex GL_ARB_instanced_arrays GL_ARB_fragment_coord_conventions GL_EXT_gpu_program_parameters GL_ARB_texture_buffer_object_rgb32 GL_ARB_compatibility GL_ARB_texture_rgb10_a2ui GL_ARB_vertex_type_2_10_10_10_rev GL_ARB_timer_query GL_INTEL_map_texture GL_ARB_vertex_array_object GL_ARB_provoking_vertex WGL_EXT_depth_float WGL_ARB_buffer_region WGL_ARB_extensions_string WGL_ARB_make_current_read WGL_ARB_pixel_format WGL_ARB_pbuffer WGL_EXT_extensions_string WGL_EXT_swap_control WGL_EXT_swap_control_tear WGL_ARB_multisample WGL_ARB_pixel_format_float WGL_ARB_framebuffer_sRGB WGL_ARB_create_context WGL_EXT_pixel_format_packed_float 
12:51:06: **************************************
12:51:06: ***   OpenGL 3+ Renderer Started   ***
12:51:06: **************************************
12:51:06: Registering ResourceManager for type GpuProgram
12:51:06: GL3+: Using FBOs for rendering to textures
12:51:06: FBO PF_UNKNOWN depth/stencil support: 
12:51:06: FBO PF_L8 depth/stencil support: D0S0 D0S1 D0S4 D0S8 D0S16 D16S0 D24S0 D32S0 D32S0 Packed-D24S8 Packed-D32S8 
12:51:06: FBO PF_L16 depth/stencil support: D0S0 D0S1 D0S4 D0S8 D0S16 D16S0 D24S0 D32S0 D32S0 Packed-D24S8 Packed-D32S8 
12:51:06: FBO PF_A8 depth/stencil support: D0S0 D0S1 D0S4 D0S8 D0S16 D16S0 D24S0 D32S0 D32S0 Packed-D24S8 Packed-D32S8 
12:51:06: FBO PF_BYTE_LA depth/stencil support: D0S0 D0S1 D0S4 D0S8 D0S16 D16S0 D24S0 D32S0 D32S0 Packed-D24S8 Packed-D32S8 
12:51:06: FBO PF_R5G6B5 depth/stencil support: D0S0 D0S1 D0S4 D0S8 D0S16 D16S0 D24S0 D32S0 D32S0 Packed-D24S8 Packed-D32S8 
12:51:06: FBO PF_B5G6R5 depth/stencil support: D0S0 D0S1 D0S4 D0S8 D0S16 D16S0 D24S0 D32S0 D32S0 Packed-D24S8 Packed-D32S8 
12:51:06: FBO PF_R8G8B8 depth/stencil support: D0S0 D0S1 D0S4 D0S8 D0S16 D16S0 D24S0 D32S0 D32S0 Packed-D24S8 Packed-D32S8 
12:51:06: FBO PF_B8G8R8 depth/stencil support: D0S0 D0S1 D0S4 D0S8 D0S16 D16S0 D24S0 D32S0 D32S0 Packed-D24S8 Packed-D32S8 
12:51:06: FBO PF_A8R8G8B8 depth/stencil support: D0S0 D0S1 D0S4 D0S8 D0S16 D16S0 D24S0 D32S0 D32S0 Packed-D24S8 Packed-D32S8 
12:51:06: FBO PF_A8B8G8R8 depth/stencil support: D0S0 D0S1 D0S4 D0S8 D0S16 D16S0 D24S0 D32S0 D32S0 Packed-D24S8 Packed-D32S8 
12:51:06: FBO PF_B8G8R8A8 depth/stencil support: D0S0 D0S1 D0S4 D0S8 D0S16 D16S0 D24S0 D32S0 D32S0 Packed-D24S8 Packed-D32S8 
12:51:06: FBO PF_A2B10G10R10 depth/stencil support: D0S0 D0S1 D0S4 D0S8 D0S16 D16S0 D24S0 D32S0 D32S0 Packed-D24S8 Packed-D32S8 
12:51:06: FBO PF_FLOAT16_RGB depth/stencil support: D0S0 D0S1 D0S4 D0S8 D0S16 D16S0 D24S0 D32S0 D32S0 Packed-D24S8 Packed-D32S8 
12:51:06: FBO PF_FLOAT16_RGBA depth/stencil support: D0S0 D0S1 D0S4 D0S8 D0S16 D16S0 D24S0 D32S0 D32S0 Packed-D24S8 Packed-D32S8 
12:51:06: FBO PF_FLOAT32_RGB depth/stencil support: D0S0 D0S1 D0S4 D0S8 D0S16 D16S0 D24S0 D32S0 D32S0 Packed-D24S8 Packed-D32S8 
12:51:06: FBO PF_FLOAT32_RGBA depth/stencil support: D0S0 D0S1 D0S4 D0S8 D0S16 D16S0 D24S0 D32S0 D32S0 Packed-D24S8 Packed-D32S8 
12:51:06: FBO PF_X8R8G8B8 depth/stencil support: D0S0 D0S1 D0S4 D0S8 D0S16 D16S0 D24S0 D32S0 D32S0 Packed-D24S8 Packed-D32S8 
12:51:06: FBO PF_X8B8G8R8 depth/stencil support: D0S0 D0S1 D0S4 D0S8 D0S16 D16S0 D24S0 D32S0 D32S0 Packed-D24S8 Packed-D32S8 
12:51:06: FBO PF_R8G8B8A8 depth/stencil support: D0S0 D0S1 D0S4 D0S8 D0S16 D16S0 D24S0 D32S0 D32S0 Packed-D24S8 Packed-D32S8 
12:51:06: FBO PF_SHORT_RGBA depth/stencil support: D0S0 D0S1 D0S4 D0S8 D0S16 D16S0 D24S0 D32S0 D32S0 Packed-D24S8 Packed-D32S8 
12:51:06: FBO PF_R3G3B2 depth/stencil support: D0S0 D0S1 D0S4 D0S8 D0S16 D16S0 D24S0 D32S0 D32S0 Packed-D24S8 Packed-D32S8 
12:51:06: FBO PF_FLOAT16_R depth/stencil support: D0S0 D0S1 D0S4 D0S8 D0S16 D16S0 D24S0 D32S0 D32S0 Packed-D24S8 Packed-D32S8 
12:51:06: FBO PF_FLOAT32_R depth/stencil support: D0S0 D0S1 D0S4 D0S8 D0S16 D16S0 D24S0 D32S0 D32S0 Packed-D24S8 Packed-D32S8 
12:51:06: FBO PF_SHORT_GR depth/stencil support: D0S0 D0S1 D0S4 D0S8 D0S16 D16S0 D24S0 D32S0 D32S0 Packed-D24S8 Packed-D32S8 
12:51:06: FBO PF_FLOAT16_GR depth/stencil support: D0S0 D0S1 D0S4 D0S8 D0S16 D16S0 D24S0 D32S0 D32S0 Packed-D24S8 Packed-D32S8 
12:51:06: FBO PF_FLOAT32_GR depth/stencil support: D0S0 D0S1 D0S4 D0S8 D0S16 D16S0 D24S0 D32S0 D32S0 Packed-D24S8 Packed-D32S8 
12:51:06: FBO PF_SHORT_RGB depth/stencil support: D0S0 D0S1 D0S4 D0S8 D0S16 D16S0 D24S0 D32S0 D32S0 Packed-D24S8 Packed-D32S8 
12:51:06: FBO PF_R8_UINT depth/stencil support: D0S0 D0S1 D0S4 D0S8 D0S16 D16S0 D24S0 D32S0 D32S0 Packed-D24S8 Packed-D32S8 
12:51:06: FBO PF_R8G8_UINT depth/stencil support: D0S0 D0S1 D0S4 D0S8 D0S16 D16S0 D24S0 D32S0 D32S0 Packed-D24S8 Packed-D32S8 
12:51:06: FBO PF_R8G8B8A8_UINT depth/stencil support: D0S0 D0S1 D0S4 D0S8 D0S16 D16S0 D24S0 D32S0 D32S0 Packed-D24S8 Packed-D32S8 
12:51:06: FBO PF_R16_UINT depth/stencil support: D0S0 D0S1 D0S4 D0S8 D0S16 D16S0 D24S0 D32S0 D32S0 Packed-D24S8 Packed-D32S8 
12:51:06: FBO PF_R16G16_UINT depth/stencil support: D0S0 D0S1 D0S4 D0S8 D0S16 D16S0 D24S0 D32S0 D32S0 Packed-D24S8 Packed-D32S8 
12:51:06: FBO PF_R16G16B16A16_UINT depth/stencil support: D0S0 D0S1 D0S4 D0S8 D0S16 D16S0 D24S0 D32S0 D32S0 Packed-D24S8 Packed-D32S8 
12:51:06: FBO PF_R32_UINT depth/stencil support: D0S0 D0S1 D0S4 D0S8 D0S16 D16S0 D24S0 D32S0 D32S0 Packed-D24S8 Packed-D32S8 
12:51:06: FBO PF_R32G32_UINT depth/stencil support: D0S0 D0S1 D0S4 D0S8 D0S16 D16S0 D24S0 D32S0 D32S0 Packed-D24S8 Packed-D32S8 
12:51:06: FBO PF_R32G32B32A32_UINT depth/stencil support: D0S0 D0S1 D0S4 D0S8 D0S16 D16S0 D24S0 D32S0 D32S0 Packed-D24S8 Packed-D32S8 
12:51:06: FBO PF_R8_SINT depth/stencil support: D0S0 D0S1 D0S4 D0S8 D0S16 D16S0 D24S0 D32S0 D32S0 Packed-D24S8 Packed-D32S8 
12:51:06: FBO PF_R8G8_SINT depth/stencil support: D0S0 D0S1 D0S4 D0S8 D0S16 D16S0 D24S0 D32S0 D32S0 Packed-D24S8 Packed-D32S8 
12:51:06: FBO PF_R8G8B8A8_SINT depth/stencil support: D0S0 D0S1 D0S4 D0S8 D0S16 D16S0 D24S0 D32S0 D32S0 Packed-D24S8 Packed-D32S8 
12:51:06: FBO PF_R16_SINT depth/stencil support: D0S0 D0S1 D0S4 D0S8 D0S16 D16S0 D24S0 D32S0 D32S0 Packed-D24S8 Packed-D32S8 
12:51:06: FBO PF_R16G16_SINT depth/stencil support: D0S0 D0S1 D0S4 D0S8 D0S16 D16S0 D24S0 D32S0 D32S0 Packed-D24S8 Packed-D32S8 
12:51:06: FBO PF_R16G16B16A16_SINT depth/stencil support: D0S0 D0S1 D0S4 D0S8 D0S16 D16S0 D24S0 D32S0 D32S0 Packed-D24S8 Packed-D32S8 
12:51:06: FBO PF_R32_SINT depth/stencil support: D0S0 D0S1 D0S4 D0S8 D0S16 D16S0 D24S0 D32S0 D32S0 Packed-D24S8 Packed-D32S8 
12:51:06: FBO PF_R32G32_SINT depth/stencil support: D0S0 D0S1 D0S4 D0S8 D0S16 D16S0 D24S0 D32S0 D32S0 Packed-D24S8 Packed-D32S8 
12:51:06: FBO PF_R32G32B32A32_SINT depth/stencil support: D0S0 D0S1 D0S4 D0S8 D0S16 D16S0 D24S0 D32S0 D32S0 Packed-D24S8 Packed-D32S8 
12:51:06: FBO PF_R8 depth/stencil support: D0S0 D0S1 D0S4 D0S8 D0S16 D16S0 D24S0 D32S0 D32S0 Packed-D24S8 Packed-D32S8 
12:51:06: FBO PF_RG8 depth/stencil support: D0S0 D0S1 D0S4 D0S8 D0S16 D16S0 D24S0 D32S0 D32S0 Packed-D24S8 Packed-D32S8 
12:51:06: FBO PF_R8_SNORM depth/stencil support: D0S0 D0S1 D0S4 D0S8 D0S16 D16S0 D24S0 D32S0 D32S0 Packed-D24S8 Packed-D32S8 
12:51:06: FBO PF_R8G8_SNORM depth/stencil support: D0S0 D0S1 D0S4 D0S8 D0S16 D16S0 D24S0 D32S0 D32S0 Packed-D24S8 Packed-D32S8 
12:51:06: FBO PF_R8G8B8_SNORM depth/stencil support: D0S0 D0S1 D0S4 D0S8 D0S16 D16S0 D24S0 D32S0 D32S0 Packed-D24S8 Packed-D32S8 
12:51:06: FBO PF_R8G8B8A8_SNORM depth/stencil support: D0S0 D0S1 D0S4 D0S8 D0S16 D16S0 D24S0 D32S0 D32S0 Packed-D24S8 Packed-D32S8 
12:51:06: FBO PF_R16_SNORM depth/stencil support: D0S0 D0S1 D0S4 D0S8 D0S16 D16S0 D24S0 D32S0 D32S0 Packed-D24S8 Packed-D32S8 
12:51:06: FBO PF_R16G16_SNORM depth/stencil support: D0S0 D0S1 D0S4 D0S8 D0S16 D16S0 D24S0 D32S0 D32S0 Packed-D24S8 Packed-D32S8 
12:51:06: FBO PF_R16G16B16_SNORM depth/stencil support: D0S0 D0S1 D0S4 D0S8 D0S16 D16S0 D24S0 D32S0 D32S0 Packed-D24S8 Packed-D32S8 
12:51:06: FBO PF_R16G16B16A16_SNORM depth/stencil support: D0S0 D0S1 D0S4 D0S8 D0S16 D16S0 D24S0 D32S0 D32S0 Packed-D24S8 Packed-D32S8 
12:51:06: [GL] : Valid FBO targets PF_UNKNOWN PF_L8 PF_L16 PF_A8 PF_BYTE_LA PF_R5G6B5 PF_B5G6R5 PF_R8G8B8 PF_B8G8R8 PF_A8R8G8B8 PF_A8B8G8R8 PF_B8G8R8A8 PF_A2B10G10R10 PF_FLOAT16_RGB PF_FLOAT16_RGBA PF_FLOAT32_RGB PF_FLOAT32_RGBA PF_X8R8G8B8 PF_X8B8G8R8 PF_R8G8B8A8 PF_SHORT_RGBA PF_R3G3B2 PF_FLOAT16_R PF_FLOAT32_R PF_SHORT_GR PF_FLOAT16_GR PF_FLOAT32_GR PF_SHORT_RGB PF_R8_UINT PF_R8G8_UINT PF_R8G8B8A8_UINT PF_R16_UINT PF_R16G16_UINT PF_R16G16B16A16_UINT PF_R32_UINT PF_R32G32_UINT PF_R32G32B32A32_UINT PF_R8_SINT PF_R8G8_SINT PF_R8G8B8A8_SINT PF_R16_SINT PF_R16G16_SINT PF_R16G16B16A16_SINT PF_R32_SINT PF_R32G32_SINT PF_R32G32B32A32_SINT PF_R8 PF_RG8 PF_R8_SNORM PF_R8G8_SNORM PF_R8G8B8_SNORM PF_R8G8B8A8_SNORM PF_R16_SNORM PF_R16G16_SNORM PF_R16G16B16_SNORM PF_R16G16B16A16_SNORM 
12:51:06: RenderSystem capabilities
12:51:06: -------------------------
12:51:06: RenderSystem Name: OpenGL 3+ Rendering Subsystem
12:51:06: GPU Vendor: intel
12:51:06: Device Name: Intel(R) HD Graphics 3000
12:51:06: Driver Version: 3.1.0.0
12:51:06:  * Fixed function pipeline: no
12:51:06:  * Anisotropic texture filtering: yes
12:51:06:  * Cube mapping: yes
12:51:06:  * Hardware stencil buffer: yes
12:51:06:    - Stencil depth: 8
12:51:06:    - Two sided stencil support: yes
12:51:06:    - Wrap stencil values: yes
12:51:06:  * 32-bit index buffers: yes
12:51:06:  * Vertex programs: yes
12:51:06:  * Number of floating-point constants for vertex programs: 512
12:51:06:  * Number of integer constants for vertex programs: 512
12:51:06:  * Number of boolean constants for vertex programs: 512
12:51:06:  * Fragment programs: yes
12:51:06:  * Number of floating-point constants for fragment programs: 1024
12:51:06:  * Number of integer constants for fragment programs: 1024
12:51:06:  * Number of boolean constants for fragment programs: 1024
12:51:06:  * Geometry programs: no
12:51:06:  * Number of floating-point constants for geometry programs: 0
12:51:06:  * Number of integer constants for geometry programs: 0
12:51:06:  * Number of boolean constants for geometry programs: 0
12:51:06:  * Tessellation Hull programs: no
12:51:06:  * Number of floating-point constants for tessellation hull programs: 0
12:51:06:  * Number of integer constants for tessellation hull programs: 0
12:51:06:  * Number of boolean constants for tessellation hull programs: 0
12:51:06:  * Tessellation Domain programs: no
12:51:06:  * Number of floating-point constants for tessellation domain programs: 256
12:51:06:  * Number of integer constants for tessellation domain programs: 0
12:51:06:  * Number of boolean constants for tessellation domain programs: 0
12:51:06:  * Compute programs: no
12:51:06:  * Number of floating-point constants for compute programs: 58596
12:51:06:  * Number of integer constants for compute programs: 0
12:51:06:  * Number of boolean constants for compute programs: 0
12:51:06:  * Supported Shader Profiles: glsl glsl130 glsl140
12:51:06:  * Texture Compression: yes
12:51:06:    - DXT: yes
12:51:06:    - VTC: no
12:51:06:    - PVRTC: no
12:51:06:    - ATC: no
12:51:06:    - ETC1: no
12:51:06:    - ETC2: no
12:51:06:    - BC4/BC5: yes
12:51:06:    - BC6H/BC7: no
12:51:06:    - ASTC: no
12:51:06:    - Mipmaps for compressed formats: yes
12:51:06:  * Hardware Occlusion Query: yes
12:51:06:  * User clip planes: yes
12:51:06:  * VET_UBYTE4 vertex element type: yes
12:51:06:  * Infinite far plane projection: yes
12:51:06:  * Hardware render-to-texture: yes
12:51:06:  * Floating point textures: yes
12:51:06:  * Non-power-of-two textures: yes
12:51:06:  * 1d textures: yes
12:51:06:  * Volume textures: yes
12:51:06:  * Multiple Render Targets: 8
12:51:06:    - With different bit depths: yes
12:51:06:  * Point Sprites: yes
12:51:06:  * Wide Lines: yes
12:51:06:  * Hardware Gamma: yes
12:51:06:  * Extended point parameters: yes
12:51:06:  * Max Point Size: 20
12:51:06:  * Vertex texture fetch: yes
12:51:06:  * Number of texture units: 16
12:51:06:  * Number of vertex attributes: 16
12:51:06:  * Stencil buffer depth: 8
12:51:06:  * Number of vertex blend matrices: 0
12:51:06:    - Max vertex textures: 16
12:51:06:    - Vertex textures shared: yes
12:51:06:  * Render to Vertex Buffer : yes
12:51:06:  * Hardware Atomic Counters: no
12:51:06:  * PBuffer support: no
12:51:06:  * Vertex Array Objects: yes
12:51:06:  * Separate shader objects: no
12:51:06:  * GLSL SSO redeclare interface block: no
12:51:06:  * Debugging/ profiling events: no
12:51:06:  * Map buffer storage: yes
12:51:06: Registering ResourceManager for type Texture
12:51:06: DefaultWorkQueue('Root') initialising on thread 17956.
12:51:06: DefaultWorkQueue('Root')::WorkerFunc - thread 21760 starting.
12:51:06: DefaultWorkQueue('Root')::WorkerFunc - thread 10804 starting.
12:51:06: DefaultWorkQueue('Root')::WorkerFunc - thread 17288 starting.
12:51:06: DefaultWorkQueue('Root')::WorkerFunc - thread 19348 starting.
12:51:06: Particle Renderer Type 'billboard' registered
12:51:06: SceneManagerFactory for type 'BspSceneManager' registered.
12:51:06: Registering SceneLoader Q3BSP
12:51:06: SceneManagerFactory for type 'PCZSceneManager' registered.
12:51:07: MovableObjectFactory for type 'PCZLight' registered.
12:51:07: MovableObjectFactory for type 'Portal' registered.
12:51:07: MovableObjectFactory for type 'AntiPortal' registered.
12:51:07: PCZone Factory Type 'ZoneType_Octree' registered
12:51:07: SceneManagerFactory for type 'OctreeSceneManager' registered.
12:51:07: Creating resource group Essential
12:51:07: Added resource location '../Media/thumbnails' of type 'FileSystem' to resource group 'Essential'
12:51:07: Added resource location '../Media/packs/SdkTrays.zip' of type 'Zip' to resource group 'Essential'
12:51:07: Added resource location '../Media/packs/profiler.zip' of type 'Zip' to resource group 'Essential'
12:51:07: Added resource location '../Media' of type 'FileSystem' to resource group 'General'
12:51:07: Added resource location '../Media/fonts' of type 'FileSystem' to resource group 'General'
12:51:07: Added resource location '../Media/materials/programs' of type 'FileSystem' to resource group 'General'
12:51:07: Added resource location '../Media/IG2App' of type 'FileSystem' to resource group 'General'
12:51:07: Added resource location '../Media/packs/ogredance.zip' of type 'Zip' to resource group 'General'
12:51:07: Added resource location '../Media/packs/Sinbad.zip' of type 'Zip' to resource group 'General'
12:51:07: Added resource location '../Media/packs/DamagedHelmet.zip' of type 'Zip' to resource group 'General'
12:51:07: Added resource location '../Media/packs/fresneldemo.zip' of type 'Zip' to resource group 'General'
12:51:07: Added resource location '../Media/materials/programs/GLSL120' of type 'FileSystem' to resource group 'General'
12:51:07: Added resource location '../Media/materials/programs/GLSL' of type 'FileSystem' to resource group 'General'
12:51:07: Added resource location '../Media/RTShaderLib/materials' of type 'FileSystem' to resource group 'General'
12:51:07: Added resource location '../Media/RTShaderLib/GLSL' of type 'FileSystem' to resource group 'General'
12:51:07: Parsing scripts for resource group Essential
12:51:07: Parsing script SdkTrays.material
12:51:07: Parsing script OgreProfiler.material
12:51:07: Parsing script SdkTrays.fontdef
12:51:07: Parsing script SdkTrays.overlay
12:51:07: Texture: sdk_cursor.png: Loading 1 faces(PF_A8B8G8R8,32x32x1) with 5 hardware generated mipmaps from Image. Internal format is PF_A8B8G8R8,32x32x1.
12:51:07: Texture: sdk_tray.png: Loading 1 faces(PF_A8B8G8R8,64x64x1) with 6 hardware generated mipmaps from Image. Internal format is PF_A8B8G8R8,64x64x1.
12:51:07: Texture: sdk_button_up.png: Loading 1 faces(PF_A8B8G8R8,128x32x1) with 7 hardware generated mipmaps from Image. Internal format is PF_A8B8G8R8,128x32x1.
12:51:07: Texture: sdk_text_box.png: Loading 1 faces(PF_A8B8G8R8,32x32x1) with 5 hardware generated mipmaps from Image. Internal format is PF_A8B8G8R8,32x32x1.
12:51:07: Texture: sdk_mini_tray.png: Loading 1 faces(PF_A8B8G8R8,32x32x1) with 5 hardware generated mipmaps from Image. Internal format is PF_A8B8G8R8,32x32x1.
12:51:07: Texture: sdk_track.png: Loading 1 faces(PF_A8B8G8R8,16x32x1) with 5 hardware generated mipmaps from Image. Internal format is PF_A8B8G8R8,16x32x1.
12:51:07: Texture: sdk_handle.png: Loading 1 faces(PF_A8B8G8R8,16x16x1) with 4 hardware generated mipmaps from Image. Internal format is PF_A8B8G8R8,16x16x1.
12:51:07: Texture: sdk_mini_text_box.png: Loading 1 faces(PF_A8B8G8R8,32x32x1) with 5 hardware generated mipmaps from Image. Internal format is PF_A8B8G8R8,32x32x1.
12:51:07: Texture: sdk_label.png: Loading 1 faces(PF_A8B8G8R8,32x32x1) with 5 hardware generated mipmaps from Image. Internal format is PF_A8B8G8R8,32x32x1.
12:51:07: Texture: sdk_separator.png: Loading 1 faces(PF_A8B8G8R8,64x16x1) with 6 hardware generated mipmaps from Image. Internal format is PF_A8B8G8R8,64x16x1.
12:51:07: Texture: sdk_logo.png: Loading 1 faces(PF_A8B8G8R8,128x64x1) with 7 hardware generated mipmaps from Image. Internal format is PF_A8B8G8R8,128x64x1.
12:51:07: Texture: sdk_shade.png: Loading 1 faces(PF_A8B8G8R8,64x48x1) with 6 hardware generated mipmaps from Image. Internal format is PF_A8B8G8R8,64x48x1.
12:51:07: Texture: sdk_frame.png: Loading 1 faces(PF_A8B8G8R8,32x32x1) with 5 hardware generated mipmaps from Image. Internal format is PF_A8B8G8R8,32x32x1.
12:51:07: Texture: sdk_mini_text_box_over.png: Loading 1 faces(PF_A8B8G8R8,32x32x1) with 5 hardware generated mipmaps from Image. Internal format is PF_A8B8G8R8,32x32x1.
12:51:07: Texture: sdk_pulse.png: Loading 1 faces(PF_B8G8R8,8x1x1) with 3 hardware generated mipmaps from Image. Internal format is PF_B8G8R8,8x1x1.
12:51:07: Finished parsing scripts for resource group Essential
12:51:07: Creating resources for group Essential
12:51:07: All done
12:51:07: Parsing scripts for resource group General
12:51:07: Parsing script Sinbad.material
12:51:07: Parsing script RomanBath.material
12:51:07: Parsing script DualQuaternionSkinning_Shadow.material
12:51:07: 'DualQuaternion_Common.glsl' No errors.
12:51:07: 'DualQuaternionSkinning_ShadowOneWeight.glsl' No errors.
12:51:07: 'DualQuaternionSkinning_ShadowTwoWeights.glsl' No errors.
12:51:07: 'DualQuaternionSkinning_ShadowThreeWeights.glsl' No errors.
12:51:07: 'DualQuaternionSkinning_ShadowFourWeights.glsl' No errors.
12:51:07: 'DualQuaternionSkinning_ShadowCasterTwoPhaseTwoWeights.glsl' No errors.
12:51:07: 'DualQuaternionSkinning_ShadowPassThrough_ps.glsl' No errors.
12:51:07: Parsing script HardwareSkinningShadow.material
12:51:07: 'HardwareSkinningShadow_TwoWeights.glsl' No errors.
12:51:07: 'HardwareSkinningShadow_Fragment.glsl' No errors.
12:51:07: Parsing script RTShaderSystem.material
12:51:07: Parsing script TriplanarTexturing.material
12:51:07: Finished parsing scripts for resource group General
12:51:07: Creating resources for group General
12:51:07: All done
12:51:07: Parsing scripts for resource group OgreAutodetect
12:51:07: Finished parsing scripts for resource group OgreAutodetect
12:51:07: Creating resources for group OgreAutodetect
12:51:07: All done
12:51:07: Parsing scripts for resource group OgreInternal
12:51:07: Finished parsing scripts for resource group OgreInternal
12:51:07: Creating resources for group OgreInternal
12:51:07: All done
12:51:07: Mesh: Loading sphere.mesh.
